

Started GET "/" for 127.0.0.1 at 2013-02-02 11:32:07 +0530
  Processing by HomeController#index as HTML
Redirected to http://localhost:3000/material_requests
Completed 302 Found in 76ms


Started GET "/material_requests" for 127.0.0.1 at 2013-02-02 11:32:07 +0530
  Processing by MaterialRequestsController#index as HTML
Rendered material_requests/index.html.erb within layouts/application (305.4ms)
Completed 500 Internal Server Error in 381ms

ActionView::Template::Error (icons.css isn't precompiled):
    28: 		</title>
    29: 
    30: 		<% unless params[:controller] == 'popv' || params[:controller] == 'piping' %>
    31: 		  <%= stylesheet_link_tag "icons" %>
    32:           <%= stylesheet_link_tag "vendor/calendar-green" %>
    33:           <%= stylesheet_link_tag "telaeris" %>
    34:           <%= stylesheet_link_tag "jquery-ui-themes/overcast/ui.all" %>
  actionpack (3.1.3) lib/sprockets/helpers/rails_helper.rb:146:in `digest_for'
  actionpack (3.1.3) lib/sprockets/helpers/rails_helper.rb:154:in `rewrite_asset_path'
  actionpack (3.1.3) lib/action_view/asset_paths.rb:27:in `compute_public_path'
  actionpack (3.1.3) lib/sprockets/helpers/rails_helper.rb:56:in `asset_path'
  actionpack (3.1.3) lib/sprockets/helpers/rails_helper.rb:49:in `block in stylesheet_link_tag'
  actionpack (3.1.3) lib/sprockets/helpers/rails_helper.rb:43:in `collect'
  actionpack (3.1.3) lib/sprockets/helpers/rails_helper.rb:43:in `stylesheet_link_tag'
  app/views/layouts/application.html.erb:31:in `_app_views_layouts_application_html_erb__183955001115835959_70153904112860'
  actionpack (3.1.3) lib/action_view/template.rb:171:in `block in render'
  activesupport (3.1.3) lib/active_support/notifications.rb:55:in `instrument'
  actionpack (3.1.3) lib/action_view/template.rb:169:in `render'
  actionpack (3.1.3) lib/action_view/renderer/template_renderer.rb:52:in `render_with_layout'
  actionpack (3.1.3) lib/action_view/renderer/template_renderer.rb:38:in `render_template'
  actionpack (3.1.3) lib/action_view/renderer/template_renderer.rb:12:in `block in render'
  actionpack (3.1.3) lib/action_view/renderer/abstract_renderer.rb:22:in `wrap_formats'
  actionpack (3.1.3) lib/action_view/renderer/template_renderer.rb:9:in `render'
  actionpack (3.1.3) lib/action_view/renderer/renderer.rb:36:in `render_template'
  actionpack (3.1.3) lib/action_view/renderer/renderer.rb:17:in `render'
  actionpack (3.1.3) lib/abstract_controller/rendering.rb:120:in `_render_template'
  actionpack (3.1.3) lib/action_controller/metal/streaming.rb:250:in `_render_template'
  actionpack (3.1.3) lib/abstract_controller/rendering.rb:114:in `render_to_body'
  actionpack (3.1.3) lib/action_controller/metal/renderers.rb:30:in `render_to_body'
  actionpack (3.1.3) lib/action_controller/metal/compatibility.rb:43:in `render_to_body'
  actionpack (3.1.3) lib/abstract_controller/rendering.rb:99:in `render'
  actionpack (3.1.3) lib/action_controller/metal/rendering.rb:16:in `render'
  actionpack (3.1.3) lib/action_controller/metal/instrumentation.rb:40:in `block (2 levels) in render'
  activesupport (3.1.3) lib/active_support/core_ext/benchmark.rb:5:in `block in ms'
  /Users/abhilashkasarla/.rvm/rubies/ruby-1.9.3-p362/lib/ruby/1.9.1/benchmark.rb:295:in `realtime'
  activesupport (3.1.3) lib/active_support/core_ext/benchmark.rb:5:in `ms'
  actionpack (3.1.3) lib/action_controller/metal/instrumentation.rb:40:in `block in render'
  actionpack (3.1.3) lib/action_controller/metal/instrumentation.rb:78:in `cleanup_view_runtime'
  activerecord (3.1.3) lib/active_record/railties/controller_runtime.rb:24:in `cleanup_view_runtime'
  thinking-sphinx (2.0.10) lib/thinking_sphinx/action_controller.rb:12:in `cleanup_view_runtime'
  actionpack (3.1.3) lib/action_controller/metal/instrumentation.rb:39:in `render'
  actionpack (3.1.3) lib/action_controller/metal/implicit_render.rb:10:in `default_render'
  actionpack (3.1.3) lib/action_controller/metal/implicit_render.rb:5:in `send_action'
  actionpack (3.1.3) lib/abstract_controller/base.rb:167:in `process_action'
  actionpack (3.1.3) lib/action_controller/metal/rendering.rb:10:in `process_action'
  actionpack (3.1.3) lib/abstract_controller/callbacks.rb:18:in `block in process_action'
  activesupport (3.1.3) lib/active_support/callbacks.rb:461:in `_run__306455661214517801__process_action__1547843347366119549__callbacks'
  activesupport (3.1.3) lib/active_support/callbacks.rb:386:in `_run_process_action_callbacks'
  activesupport (3.1.3) lib/active_support/callbacks.rb:81:in `run_callbacks'
  actionpack (3.1.3) lib/abstract_controller/callbacks.rb:17:in `process_action'
  actionpack (3.1.3) lib/action_controller/metal/rescue.rb:17:in `process_action'
  actionpack (3.1.3) lib/action_controller/metal/instrumentation.rb:30:in `block in process_action'
  activesupport (3.1.3) lib/active_support/notifications.rb:53:in `block in instrument'
  activesupport (3.1.3) lib/active_support/notifications/instrumenter.rb:21:in `instrument'
  activesupport (3.1.3) lib/active_support/notifications.rb:53:in `instrument'
  actionpack (3.1.3) lib/action_controller/metal/instrumentation.rb:29:in `process_action'
  actionpack (3.1.3) lib/action_controller/metal/params_wrapper.rb:201:in `process_action'
  activerecord (3.1.3) lib/active_record/railties/controller_runtime.rb:18:in `process_action'
  actionpack (3.1.3) lib/abstract_controller/base.rb:121:in `process'
  actionpack (3.1.3) lib/abstract_controller/rendering.rb:45:in `process'
  actionpack (3.1.3) lib/action_controller/metal.rb:193:in `dispatch'
  actionpack (3.1.3) lib/action_controller/metal/rack_delegation.rb:14:in `dispatch'
  actionpack (3.1.3) lib/action_controller/metal.rb:236:in `block in action'
  actionpack (3.1.3) lib/action_dispatch/routing/route_set.rb:65:in `call'
  actionpack (3.1.3) lib/action_dispatch/routing/route_set.rb:65:in `dispatch'
  actionpack (3.1.3) lib/action_dispatch/routing/route_set.rb:29:in `call'
  rack-mount (0.8.3) lib/rack/mount/route_set.rb:152:in `block in call'
  rack-mount (0.8.3) lib/rack/mount/code_generation.rb:96:in `block in recognize'
  rack-mount (0.8.3) lib/rack/mount/code_generation.rb:124:in `optimized_each'
  rack-mount (0.8.3) lib/rack/mount/code_generation.rb:95:in `recognize'
  rack-mount (0.8.3) lib/rack/mount/route_set.rb:141:in `call'
  actionpack (3.1.3) lib/action_dispatch/routing/route_set.rb:532:in `call'
  actionpack (3.1.3) lib/action_dispatch/middleware/best_standards_support.rb:17:in `call'
  rack (1.3.9) lib/rack/etag.rb:23:in `call'
  rack (1.3.9) lib/rack/conditionalget.rb:25:in `call'
  actionpack (3.1.3) lib/action_dispatch/middleware/head.rb:14:in `call'
  actionpack (3.1.3) lib/action_dispatch/middleware/params_parser.rb:21:in `call'
  actionpack (3.1.3) lib/action_dispatch/middleware/flash.rb:247:in `call'
  rack (1.3.9) lib/rack/session/abstract/id.rb:195:in `context'
  rack (1.3.9) lib/rack/session/abstract/id.rb:190:in `call'
  actionpack (3.1.3) lib/action_dispatch/middleware/cookies.rb:331:in `call'
  activerecord (3.1.3) lib/active_record/query_cache.rb:64:in `call'
  activerecord (3.1.3) lib/active_record/connection_adapters/abstract/connection_pool.rb:477:in `call'
  actionpack (3.1.3) lib/action_dispatch/middleware/callbacks.rb:29:in `block in call'
  activesupport (3.1.3) lib/active_support/callbacks.rb:392:in `_run_call_callbacks'
  activesupport (3.1.3) lib/active_support/callbacks.rb:81:in `run_callbacks'
  actionpack (3.1.3) lib/action_dispatch/middleware/callbacks.rb:28:in `call'
  rack (1.3.9) lib/rack/sendfile.rb:101:in `call'
  actionpack (3.1.3) lib/action_dispatch/middleware/remote_ip.rb:48:in `call'
  actionpack (3.1.3) lib/action_dispatch/middleware/show_exceptions.rb:47:in `call'
  railties (3.1.3) lib/rails/rack/logger.rb:13:in `call'
  rack (1.3.9) lib/rack/methodoverride.rb:24:in `call'
  rack (1.3.9) lib/rack/runtime.rb:17:in `call'
  activesupport (3.1.3) lib/active_support/cache/strategy/local_cache.rb:72:in `call'
  rack (1.3.9) lib/rack/lock.rb:15:in `call'
  rack-cache (1.2) lib/rack/cache/context.rb:136:in `forward'
  rack-cache (1.2) lib/rack/cache/context.rb:245:in `fetch'
  rack-cache (1.2) lib/rack/cache/context.rb:185:in `lookup'
  rack-cache (1.2) lib/rack/cache/context.rb:66:in `call!'
  rack-cache (1.2) lib/rack/cache/context.rb:51:in `call'
  railties (3.1.3) lib/rails/engine.rb:456:in `call'
  rack (1.3.9) lib/rack/content_length.rb:14:in `call'
  railties (3.1.3) lib/rails/rack/log_tailer.rb:14:in `call'
  rack (1.3.9) lib/rack/handler/webrick.rb:59:in `service'
  /Users/abhilashkasarla/.rvm/rubies/ruby-1.9.3-p362/lib/ruby/1.9.1/webrick/httpserver.rb:138:in `service'
  /Users/abhilashkasarla/.rvm/rubies/ruby-1.9.3-p362/lib/ruby/1.9.1/webrick/httpserver.rb:94:in `run'
  /Users/abhilashkasarla/.rvm/rubies/ruby-1.9.3-p362/lib/ruby/1.9.1/webrick/server.rb:191:in `block in start_thread'

Rendered /Users/abhilashkasarla/.rvm/gems/ruby-1.9.3-p362/gems/actionpack-3.1.3/lib/action_dispatch/middleware/templates/rescues/_trace.erb (1.8ms)
Rendered /Users/abhilashkasarla/.rvm/gems/ruby-1.9.3-p362/gems/actionpack-3.1.3/lib/action_dispatch/middleware/templates/rescues/_request_and_response.erb (1.2ms)
Rendered /Users/abhilashkasarla/.rvm/gems/ruby-1.9.3-p362/gems/actionpack-3.1.3/lib/action_dispatch/middleware/templates/rescues/template_error.erb within rescues/layout (7.0ms)
Compiled application.js  (21ms)  (pid 1605)
Compiled application.css  (51ms)  (pid 1605)
Compiled application.js  (19ms)  (pid 1598)
Compiled application.css  (30ms)  (pid 1598)


Started GET "/material_requests" for 127.0.0.1 at 2013-02-02 11:36:24 +0530
  Processing by MaterialRequestsController#index as HTML
Rendered material_requests/index.html.erb within layouts/application (215.9ms)
Completed 500 Internal Server Error in 358ms

ActionView::Template::Error (icons.css isn't precompiled):
    28: 		</title>
    29: 
    30: 		<% unless params[:controller] == 'popv' || params[:controller] == 'piping' %>
    31: 		  <%= stylesheet_link_tag "icons" %>
    32:           <%= stylesheet_link_tag "vendor/calendar-green" %>
    33:           <%= stylesheet_link_tag "telaeris" %>
    34:           <%= stylesheet_link_tag "jquery-ui-themes/overcast/ui.all" %>
  actionpack (3.1.3) lib/sprockets/helpers/rails_helper.rb:146:in `digest_for'
  actionpack (3.1.3) lib/sprockets/helpers/rails_helper.rb:154:in `rewrite_asset_path'
  actionpack (3.1.3) lib/action_view/asset_paths.rb:27:in `compute_public_path'
  actionpack (3.1.3) lib/sprockets/helpers/rails_helper.rb:56:in `asset_path'
  actionpack (3.1.3) lib/sprockets/helpers/rails_helper.rb:49:in `block in stylesheet_link_tag'
  actionpack (3.1.3) lib/sprockets/helpers/rails_helper.rb:43:in `collect'
  actionpack (3.1.3) lib/sprockets/helpers/rails_helper.rb:43:in `stylesheet_link_tag'
  app/views/layouts/application.html.erb:31:in `_app_views_layouts_application_html_erb__2981872137090013048_70284786336800'
  actionpack (3.1.3) lib/action_view/template.rb:171:in `block in render'
  activesupport (3.1.3) lib/active_support/notifications.rb:55:in `instrument'
  actionpack (3.1.3) lib/action_view/template.rb:169:in `render'
  actionpack (3.1.3) lib/action_view/renderer/template_renderer.rb:52:in `render_with_layout'
  actionpack (3.1.3) lib/action_view/renderer/template_renderer.rb:38:in `render_template'
  actionpack (3.1.3) lib/action_view/renderer/template_renderer.rb:12:in `block in render'
  actionpack (3.1.3) lib/action_view/renderer/abstract_renderer.rb:22:in `wrap_formats'
  actionpack (3.1.3) lib/action_view/renderer/template_renderer.rb:9:in `render'
  actionpack (3.1.3) lib/action_view/renderer/renderer.rb:36:in `render_template'
  actionpack (3.1.3) lib/action_view/renderer/renderer.rb:17:in `render'
  actionpack (3.1.3) lib/abstract_controller/rendering.rb:120:in `_render_template'
  actionpack (3.1.3) lib/action_controller/metal/streaming.rb:250:in `_render_template'
  actionpack (3.1.3) lib/abstract_controller/rendering.rb:114:in `render_to_body'
  actionpack (3.1.3) lib/action_controller/metal/renderers.rb:30:in `render_to_body'
  actionpack (3.1.3) lib/action_controller/metal/compatibility.rb:43:in `render_to_body'
  actionpack (3.1.3) lib/abstract_controller/rendering.rb:99:in `render'
  actionpack (3.1.3) lib/action_controller/metal/rendering.rb:16:in `render'
  actionpack (3.1.3) lib/action_controller/metal/instrumentation.rb:40:in `block (2 levels) in render'
  activesupport (3.1.3) lib/active_support/core_ext/benchmark.rb:5:in `block in ms'
  /Users/abhilashkasarla/.rvm/rubies/ruby-1.9.3-p362/lib/ruby/1.9.1/benchmark.rb:295:in `realtime'
  activesupport (3.1.3) lib/active_support/core_ext/benchmark.rb:5:in `ms'
  actionpack (3.1.3) lib/action_controller/metal/instrumentation.rb:40:in `block in render'
  actionpack (3.1.3) lib/action_controller/metal/instrumentation.rb:78:in `cleanup_view_runtime'
  activerecord (3.1.3) lib/active_record/railties/controller_runtime.rb:24:in `cleanup_view_runtime'
  thinking-sphinx (2.0.10) lib/thinking_sphinx/action_controller.rb:12:in `cleanup_view_runtime'
  actionpack (3.1.3) lib/action_controller/metal/instrumentation.rb:39:in `render'
  actionpack (3.1.3) lib/action_controller/metal/implicit_render.rb:10:in `default_render'
  actionpack (3.1.3) lib/action_controller/metal/implicit_render.rb:5:in `send_action'
  actionpack (3.1.3) lib/abstract_controller/base.rb:167:in `process_action'
  actionpack (3.1.3) lib/action_controller/metal/rendering.rb:10:in `process_action'
  actionpack (3.1.3) lib/abstract_controller/callbacks.rb:18:in `block in process_action'
  activesupport (3.1.3) lib/active_support/callbacks.rb:461:in `_run__3683836015588576420__process_action__2306631722157658877__callbacks'
  activesupport (3.1.3) lib/active_support/callbacks.rb:386:in `_run_process_action_callbacks'
  activesupport (3.1.3) lib/active_support/callbacks.rb:81:in `run_callbacks'
  actionpack (3.1.3) lib/abstract_controller/callbacks.rb:17:in `process_action'
  actionpack (3.1.3) lib/action_controller/metal/rescue.rb:17:in `process_action'
  actionpack (3.1.3) lib/action_controller/metal/instrumentation.rb:30:in `block in process_action'
  activesupport (3.1.3) lib/active_support/notifications.rb:53:in `block in instrument'
  activesupport (3.1.3) lib/active_support/notifications/instrumenter.rb:21:in `instrument'
  activesupport (3.1.3) lib/active_support/notifications.rb:53:in `instrument'
  actionpack (3.1.3) lib/action_controller/metal/instrumentation.rb:29:in `process_action'
  actionpack (3.1.3) lib/action_controller/metal/params_wrapper.rb:201:in `process_action'
  activerecord (3.1.3) lib/active_record/railties/controller_runtime.rb:18:in `process_action'
  actionpack (3.1.3) lib/abstract_controller/base.rb:121:in `process'
  actionpack (3.1.3) lib/abstract_controller/rendering.rb:45:in `process'
  actionpack (3.1.3) lib/action_controller/metal.rb:193:in `dispatch'
  actionpack (3.1.3) lib/action_controller/metal/rack_delegation.rb:14:in `dispatch'
  actionpack (3.1.3) lib/action_controller/metal.rb:236:in `block in action'
  actionpack (3.1.3) lib/action_dispatch/routing/route_set.rb:65:in `call'
  actionpack (3.1.3) lib/action_dispatch/routing/route_set.rb:65:in `dispatch'
  actionpack (3.1.3) lib/action_dispatch/routing/route_set.rb:29:in `call'
  rack-mount (0.8.3) lib/rack/mount/route_set.rb:152:in `block in call'
  rack-mount (0.8.3) lib/rack/mount/code_generation.rb:96:in `block in recognize'
  rack-mount (0.8.3) lib/rack/mount/code_generation.rb:124:in `optimized_each'
  rack-mount (0.8.3) lib/rack/mount/code_generation.rb:95:in `recognize'
  rack-mount (0.8.3) lib/rack/mount/route_set.rb:141:in `call'
  actionpack (3.1.3) lib/action_dispatch/routing/route_set.rb:532:in `call'
  actionpack (3.1.3) lib/action_dispatch/middleware/best_standards_support.rb:17:in `call'
  rack (1.3.9) lib/rack/etag.rb:23:in `call'
  rack (1.3.9) lib/rack/conditionalget.rb:25:in `call'
  actionpack (3.1.3) lib/action_dispatch/middleware/head.rb:14:in `call'
  actionpack (3.1.3) lib/action_dispatch/middleware/params_parser.rb:21:in `call'
  actionpack (3.1.3) lib/action_dispatch/middleware/flash.rb:247:in `call'
  rack (1.3.9) lib/rack/session/abstract/id.rb:195:in `context'
  rack (1.3.9) lib/rack/session/abstract/id.rb:190:in `call'
  actionpack (3.1.3) lib/action_dispatch/middleware/cookies.rb:331:in `call'
  activerecord (3.1.3) lib/active_record/query_cache.rb:64:in `call'
  activerecord (3.1.3) lib/active_record/connection_adapters/abstract/connection_pool.rb:477:in `call'
  actionpack (3.1.3) lib/action_dispatch/middleware/callbacks.rb:29:in `block in call'
  activesupport (3.1.3) lib/active_support/callbacks.rb:392:in `_run_call_callbacks'
  activesupport (3.1.3) lib/active_support/callbacks.rb:81:in `run_callbacks'
  actionpack (3.1.3) lib/action_dispatch/middleware/callbacks.rb:28:in `call'
  rack (1.3.9) lib/rack/sendfile.rb:101:in `call'
  actionpack (3.1.3) lib/action_dispatch/middleware/remote_ip.rb:48:in `call'
  actionpack (3.1.3) lib/action_dispatch/middleware/show_exceptions.rb:47:in `call'
  railties (3.1.3) lib/rails/rack/logger.rb:13:in `call'
  rack (1.3.9) lib/rack/methodoverride.rb:24:in `call'
  rack (1.3.9) lib/rack/runtime.rb:17:in `call'
  activesupport (3.1.3) lib/active_support/cache/strategy/local_cache.rb:72:in `call'
  rack (1.3.9) lib/rack/lock.rb:15:in `call'
  rack-cache (1.2) lib/rack/cache/context.rb:136:in `forward'
  rack-cache (1.2) lib/rack/cache/context.rb:245:in `fetch'
  rack-cache (1.2) lib/rack/cache/context.rb:185:in `lookup'
  rack-cache (1.2) lib/rack/cache/context.rb:66:in `call!'
  rack-cache (1.2) lib/rack/cache/context.rb:51:in `call'
  railties (3.1.3) lib/rails/engine.rb:456:in `call'
  rack (1.3.9) lib/rack/content_length.rb:14:in `call'
  railties (3.1.3) lib/rails/rack/log_tailer.rb:14:in `call'
  rack (1.3.9) lib/rack/handler/webrick.rb:59:in `service'
  /Users/abhilashkasarla/.rvm/rubies/ruby-1.9.3-p362/lib/ruby/1.9.1/webrick/httpserver.rb:138:in `service'
  /Users/abhilashkasarla/.rvm/rubies/ruby-1.9.3-p362/lib/ruby/1.9.1/webrick/httpserver.rb:94:in `run'
  /Users/abhilashkasarla/.rvm/rubies/ruby-1.9.3-p362/lib/ruby/1.9.1/webrick/server.rb:191:in `block in start_thread'

Rendered /Users/abhilashkasarla/.rvm/gems/ruby-1.9.3-p362/gems/actionpack-3.1.3/lib/action_dispatch/middleware/templates/rescues/_trace.erb (1.1ms)
Rendered /Users/abhilashkasarla/.rvm/gems/ruby-1.9.3-p362/gems/actionpack-3.1.3/lib/action_dispatch/middleware/templates/rescues/_request_and_response.erb (1.0ms)
Rendered /Users/abhilashkasarla/.rvm/gems/ruby-1.9.3-p362/gems/actionpack-3.1.3/lib/action_dispatch/middleware/templates/rescues/template_error.erb within rescues/layout (4.8ms)


Started GET "/material_requests" for 127.0.0.1 at 2013-02-02 11:36:26 +0530
  Processing by MaterialRequestsController#index as HTML
Rendered material_requests/index.html.erb within layouts/application (22.2ms)
Completed 500 Internal Server Error in 26ms

ActionView::Template::Error (icons.css isn't precompiled):
    28: 		</title>
    29: 
    30: 		<% unless params[:controller] == 'popv' || params[:controller] == 'piping' %>
    31: 		  <%= stylesheet_link_tag "icons" %>
    32:           <%= stylesheet_link_tag "vendor/calendar-green" %>
    33:           <%= stylesheet_link_tag "telaeris" %>
    34:           <%= stylesheet_link_tag "jquery-ui-themes/overcast/ui.all" %>
  actionpack (3.1.3) lib/sprockets/helpers/rails_helper.rb:146:in `digest_for'
  actionpack (3.1.3) lib/sprockets/helpers/rails_helper.rb:154:in `rewrite_asset_path'
  actionpack (3.1.3) lib/action_view/asset_paths.rb:27:in `compute_public_path'
  actionpack (3.1.3) lib/sprockets/helpers/rails_helper.rb:56:in `asset_path'
  actionpack (3.1.3) lib/sprockets/helpers/rails_helper.rb:49:in `block in stylesheet_link_tag'
  actionpack (3.1.3) lib/sprockets/helpers/rails_helper.rb:43:in `collect'
  actionpack (3.1.3) lib/sprockets/helpers/rails_helper.rb:43:in `stylesheet_link_tag'
  app/views/layouts/application.html.erb:31:in `_app_views_layouts_application_html_erb__2981872137090013048_70284786336800'
  actionpack (3.1.3) lib/action_view/template.rb:171:in `block in render'
  activesupport (3.1.3) lib/active_support/notifications.rb:55:in `instrument'
  actionpack (3.1.3) lib/action_view/template.rb:169:in `render'
  actionpack (3.1.3) lib/action_view/renderer/template_renderer.rb:52:in `render_with_layout'
  actionpack (3.1.3) lib/action_view/renderer/template_renderer.rb:38:in `render_template'
  actionpack (3.1.3) lib/action_view/renderer/template_renderer.rb:12:in `block in render'
  actionpack (3.1.3) lib/action_view/renderer/abstract_renderer.rb:22:in `wrap_formats'
  actionpack (3.1.3) lib/action_view/renderer/template_renderer.rb:9:in `render'
  actionpack (3.1.3) lib/action_view/renderer/renderer.rb:36:in `render_template'
  actionpack (3.1.3) lib/action_view/renderer/renderer.rb:17:in `render'
  actionpack (3.1.3) lib/abstract_controller/rendering.rb:120:in `_render_template'
  actionpack (3.1.3) lib/action_controller/metal/streaming.rb:250:in `_render_template'
  actionpack (3.1.3) lib/abstract_controller/rendering.rb:114:in `render_to_body'
  actionpack (3.1.3) lib/action_controller/metal/renderers.rb:30:in `render_to_body'
  actionpack (3.1.3) lib/action_controller/metal/compatibility.rb:43:in `render_to_body'
  actionpack (3.1.3) lib/abstract_controller/rendering.rb:99:in `render'
  actionpack (3.1.3) lib/action_controller/metal/rendering.rb:16:in `render'
  actionpack (3.1.3) lib/action_controller/metal/instrumentation.rb:40:in `block (2 levels) in render'
  activesupport (3.1.3) lib/active_support/core_ext/benchmark.rb:5:in `block in ms'
  /Users/abhilashkasarla/.rvm/rubies/ruby-1.9.3-p362/lib/ruby/1.9.1/benchmark.rb:295:in `realtime'
  activesupport (3.1.3) lib/active_support/core_ext/benchmark.rb:5:in `ms'
  actionpack (3.1.3) lib/action_controller/metal/instrumentation.rb:40:in `block in render'
  actionpack (3.1.3) lib/action_controller/metal/instrumentation.rb:78:in `cleanup_view_runtime'
  activerecord (3.1.3) lib/active_record/railties/controller_runtime.rb:24:in `cleanup_view_runtime'
  thinking-sphinx (2.0.10) lib/thinking_sphinx/action_controller.rb:12:in `cleanup_view_runtime'
  actionpack (3.1.3) lib/action_controller/metal/instrumentation.rb:39:in `render'
  actionpack (3.1.3) lib/action_controller/metal/implicit_render.rb:10:in `default_render'
  actionpack (3.1.3) lib/action_controller/metal/implicit_render.rb:5:in `send_action'
  actionpack (3.1.3) lib/abstract_controller/base.rb:167:in `process_action'
  actionpack (3.1.3) lib/action_controller/metal/rendering.rb:10:in `process_action'
  actionpack (3.1.3) lib/abstract_controller/callbacks.rb:18:in `block in process_action'
  activesupport (3.1.3) lib/active_support/callbacks.rb:461:in `_run__3683836015588576420__process_action__2306631722157658877__callbacks'
  activesupport (3.1.3) lib/active_support/callbacks.rb:386:in `_run_process_action_callbacks'
  activesupport (3.1.3) lib/active_support/callbacks.rb:81:in `run_callbacks'
  actionpack (3.1.3) lib/abstract_controller/callbacks.rb:17:in `process_action'
  actionpack (3.1.3) lib/action_controller/metal/rescue.rb:17:in `process_action'
  actionpack (3.1.3) lib/action_controller/metal/instrumentation.rb:30:in `block in process_action'
  activesupport (3.1.3) lib/active_support/notifications.rb:53:in `block in instrument'
  activesupport (3.1.3) lib/active_support/notifications/instrumenter.rb:21:in `instrument'
  activesupport (3.1.3) lib/active_support/notifications.rb:53:in `instrument'
  actionpack (3.1.3) lib/action_controller/metal/instrumentation.rb:29:in `process_action'
  actionpack (3.1.3) lib/action_controller/metal/params_wrapper.rb:201:in `process_action'
  activerecord (3.1.3) lib/active_record/railties/controller_runtime.rb:18:in `process_action'
  actionpack (3.1.3) lib/abstract_controller/base.rb:121:in `process'
  actionpack (3.1.3) lib/abstract_controller/rendering.rb:45:in `process'
  actionpack (3.1.3) lib/action_controller/metal.rb:193:in `dispatch'
  actionpack (3.1.3) lib/action_controller/metal/rack_delegation.rb:14:in `dispatch'
  actionpack (3.1.3) lib/action_controller/metal.rb:236:in `block in action'
  actionpack (3.1.3) lib/action_dispatch/routing/route_set.rb:65:in `call'
  actionpack (3.1.3) lib/action_dispatch/routing/route_set.rb:65:in `dispatch'
  actionpack (3.1.3) lib/action_dispatch/routing/route_set.rb:29:in `call'
  rack-mount (0.8.3) lib/rack/mount/route_set.rb:152:in `block in call'
  rack-mount (0.8.3) lib/rack/mount/code_generation.rb:96:in `block in recognize'
  rack-mount (0.8.3) lib/rack/mount/code_generation.rb:124:in `optimized_each'
  rack-mount (0.8.3) lib/rack/mount/code_generation.rb:95:in `recognize'
  rack-mount (0.8.3) lib/rack/mount/route_set.rb:141:in `call'
  actionpack (3.1.3) lib/action_dispatch/routing/route_set.rb:532:in `call'
  actionpack (3.1.3) lib/action_dispatch/middleware/best_standards_support.rb:17:in `call'
  rack (1.3.9) lib/rack/etag.rb:23:in `call'
  rack (1.3.9) lib/rack/conditionalget.rb:25:in `call'
  actionpack (3.1.3) lib/action_dispatch/middleware/head.rb:14:in `call'
  actionpack (3.1.3) lib/action_dispatch/middleware/params_parser.rb:21:in `call'
  actionpack (3.1.3) lib/action_dispatch/middleware/flash.rb:247:in `call'
  rack (1.3.9) lib/rack/session/abstract/id.rb:195:in `context'
  rack (1.3.9) lib/rack/session/abstract/id.rb:190:in `call'
  actionpack (3.1.3) lib/action_dispatch/middleware/cookies.rb:331:in `call'
  activerecord (3.1.3) lib/active_record/query_cache.rb:64:in `call'
  activerecord (3.1.3) lib/active_record/connection_adapters/abstract/connection_pool.rb:477:in `call'
  actionpack (3.1.3) lib/action_dispatch/middleware/callbacks.rb:29:in `block in call'
  activesupport (3.1.3) lib/active_support/callbacks.rb:392:in `_run_call_callbacks'
  activesupport (3.1.3) lib/active_support/callbacks.rb:81:in `run_callbacks'
  actionpack (3.1.3) lib/action_dispatch/middleware/callbacks.rb:28:in `call'
  rack (1.3.9) lib/rack/sendfile.rb:101:in `call'
  actionpack (3.1.3) lib/action_dispatch/middleware/remote_ip.rb:48:in `call'
  actionpack (3.1.3) lib/action_dispatch/middleware/show_exceptions.rb:47:in `call'
  railties (3.1.3) lib/rails/rack/logger.rb:13:in `call'
  rack (1.3.9) lib/rack/methodoverride.rb:24:in `call'
  rack (1.3.9) lib/rack/runtime.rb:17:in `call'
  activesupport (3.1.3) lib/active_support/cache/strategy/local_cache.rb:72:in `call'
  rack (1.3.9) lib/rack/lock.rb:15:in `call'
  rack-cache (1.2) lib/rack/cache/context.rb:136:in `forward'
  rack-cache (1.2) lib/rack/cache/context.rb:245:in `fetch'
  rack-cache (1.2) lib/rack/cache/context.rb:185:in `lookup'
  rack-cache (1.2) lib/rack/cache/context.rb:66:in `call!'
  rack-cache (1.2) lib/rack/cache/context.rb:51:in `call'
  railties (3.1.3) lib/rails/engine.rb:456:in `call'
  rack (1.3.9) lib/rack/content_length.rb:14:in `call'
  railties (3.1.3) lib/rails/rack/log_tailer.rb:14:in `call'
  rack (1.3.9) lib/rack/handler/webrick.rb:59:in `service'
  /Users/abhilashkasarla/.rvm/rubies/ruby-1.9.3-p362/lib/ruby/1.9.1/webrick/httpserver.rb:138:in `service'
  /Users/abhilashkasarla/.rvm/rubies/ruby-1.9.3-p362/lib/ruby/1.9.1/webrick/httpserver.rb:94:in `run'
  /Users/abhilashkasarla/.rvm/rubies/ruby-1.9.3-p362/lib/ruby/1.9.1/webrick/server.rb:191:in `block in start_thread'

Rendered /Users/abhilashkasarla/.rvm/gems/ruby-1.9.3-p362/gems/actionpack-3.1.3/lib/action_dispatch/middleware/templates/rescues/_trace.erb (1.4ms)
Rendered /Users/abhilashkasarla/.rvm/gems/ruby-1.9.3-p362/gems/actionpack-3.1.3/lib/action_dispatch/middleware/templates/rescues/_request_and_response.erb (1.0ms)
Rendered /Users/abhilashkasarla/.rvm/gems/ruby-1.9.3-p362/gems/actionpack-3.1.3/lib/action_dispatch/middleware/templates/rescues/template_error.erb within rescues/layout (4.8ms)


Started GET "/material_requests" for 127.0.0.1 at 2013-02-02 11:36:27 +0530
  Processing by MaterialRequestsController#index as HTML
Rendered material_requests/index.html.erb within layouts/application (22.2ms)
Completed 500 Internal Server Error in 26ms

ActionView::Template::Error (icons.css isn't precompiled):
    28: 		</title>
    29: 
    30: 		<% unless params[:controller] == 'popv' || params[:controller] == 'piping' %>
    31: 		  <%= stylesheet_link_tag "icons" %>
    32:           <%= stylesheet_link_tag "vendor/calendar-green" %>
    33:           <%= stylesheet_link_tag "telaeris" %>
    34:           <%= stylesheet_link_tag "jquery-ui-themes/overcast/ui.all" %>
  actionpack (3.1.3) lib/sprockets/helpers/rails_helper.rb:146:in `digest_for'
  actionpack (3.1.3) lib/sprockets/helpers/rails_helper.rb:154:in `rewrite_asset_path'
  actionpack (3.1.3) lib/action_view/asset_paths.rb:27:in `compute_public_path'
  actionpack (3.1.3) lib/sprockets/helpers/rails_helper.rb:56:in `asset_path'
  actionpack (3.1.3) lib/sprockets/helpers/rails_helper.rb:49:in `block in stylesheet_link_tag'
  actionpack (3.1.3) lib/sprockets/helpers/rails_helper.rb:43:in `collect'
  actionpack (3.1.3) lib/sprockets/helpers/rails_helper.rb:43:in `stylesheet_link_tag'
  app/views/layouts/application.html.erb:31:in `_app_views_layouts_application_html_erb__2981872137090013048_70284786336800'
  actionpack (3.1.3) lib/action_view/template.rb:171:in `block in render'
  activesupport (3.1.3) lib/active_support/notifications.rb:55:in `instrument'
  actionpack (3.1.3) lib/action_view/template.rb:169:in `render'
  actionpack (3.1.3) lib/action_view/renderer/template_renderer.rb:52:in `render_with_layout'
  actionpack (3.1.3) lib/action_view/renderer/template_renderer.rb:38:in `render_template'
  actionpack (3.1.3) lib/action_view/renderer/template_renderer.rb:12:in `block in render'
  actionpack (3.1.3) lib/action_view/renderer/abstract_renderer.rb:22:in `wrap_formats'
  actionpack (3.1.3) lib/action_view/renderer/template_renderer.rb:9:in `render'
  actionpack (3.1.3) lib/action_view/renderer/renderer.rb:36:in `render_template'
  actionpack (3.1.3) lib/action_view/renderer/renderer.rb:17:in `render'
  actionpack (3.1.3) lib/abstract_controller/rendering.rb:120:in `_render_template'
  actionpack (3.1.3) lib/action_controller/metal/streaming.rb:250:in `_render_template'
  actionpack (3.1.3) lib/abstract_controller/rendering.rb:114:in `render_to_body'
  actionpack (3.1.3) lib/action_controller/metal/renderers.rb:30:in `render_to_body'
  actionpack (3.1.3) lib/action_controller/metal/compatibility.rb:43:in `render_to_body'
  actionpack (3.1.3) lib/abstract_controller/rendering.rb:99:in `render'
  actionpack (3.1.3) lib/action_controller/metal/rendering.rb:16:in `render'
  actionpack (3.1.3) lib/action_controller/metal/instrumentation.rb:40:in `block (2 levels) in render'
  activesupport (3.1.3) lib/active_support/core_ext/benchmark.rb:5:in `block in ms'
  /Users/abhilashkasarla/.rvm/rubies/ruby-1.9.3-p362/lib/ruby/1.9.1/benchmark.rb:295:in `realtime'
  activesupport (3.1.3) lib/active_support/core_ext/benchmark.rb:5:in `ms'
  actionpack (3.1.3) lib/action_controller/metal/instrumentation.rb:40:in `block in render'
  actionpack (3.1.3) lib/action_controller/metal/instrumentation.rb:78:in `cleanup_view_runtime'
  activerecord (3.1.3) lib/active_record/railties/controller_runtime.rb:24:in `cleanup_view_runtime'
  thinking-sphinx (2.0.10) lib/thinking_sphinx/action_controller.rb:12:in `cleanup_view_runtime'
  actionpack (3.1.3) lib/action_controller/metal/instrumentation.rb:39:in `render'
  actionpack (3.1.3) lib/action_controller/metal/implicit_render.rb:10:in `default_render'
  actionpack (3.1.3) lib/action_controller/metal/implicit_render.rb:5:in `send_action'
  actionpack (3.1.3) lib/abstract_controller/base.rb:167:in `process_action'
  actionpack (3.1.3) lib/action_controller/metal/rendering.rb:10:in `process_action'
  actionpack (3.1.3) lib/abstract_controller/callbacks.rb:18:in `block in process_action'
  activesupport (3.1.3) lib/active_support/callbacks.rb:461:in `_run__3683836015588576420__process_action__2306631722157658877__callbacks'
  activesupport (3.1.3) lib/active_support/callbacks.rb:386:in `_run_process_action_callbacks'
  activesupport (3.1.3) lib/active_support/callbacks.rb:81:in `run_callbacks'
  actionpack (3.1.3) lib/abstract_controller/callbacks.rb:17:in `process_action'
  actionpack (3.1.3) lib/action_controller/metal/rescue.rb:17:in `process_action'
  actionpack (3.1.3) lib/action_controller/metal/instrumentation.rb:30:in `block in process_action'
  activesupport (3.1.3) lib/active_support/notifications.rb:53:in `block in instrument'
  activesupport (3.1.3) lib/active_support/notifications/instrumenter.rb:21:in `instrument'
  activesupport (3.1.3) lib/active_support/notifications.rb:53:in `instrument'
  actionpack (3.1.3) lib/action_controller/metal/instrumentation.rb:29:in `process_action'
  actionpack (3.1.3) lib/action_controller/metal/params_wrapper.rb:201:in `process_action'
  activerecord (3.1.3) lib/active_record/railties/controller_runtime.rb:18:in `process_action'
  actionpack (3.1.3) lib/abstract_controller/base.rb:121:in `process'
  actionpack (3.1.3) lib/abstract_controller/rendering.rb:45:in `process'
  actionpack (3.1.3) lib/action_controller/metal.rb:193:in `dispatch'
  actionpack (3.1.3) lib/action_controller/metal/rack_delegation.rb:14:in `dispatch'
  actionpack (3.1.3) lib/action_controller/metal.rb:236:in `block in action'
  actionpack (3.1.3) lib/action_dispatch/routing/route_set.rb:65:in `call'
  actionpack (3.1.3) lib/action_dispatch/routing/route_set.rb:65:in `dispatch'
  actionpack (3.1.3) lib/action_dispatch/routing/route_set.rb:29:in `call'
  rack-mount (0.8.3) lib/rack/mount/route_set.rb:152:in `block in call'
  rack-mount (0.8.3) lib/rack/mount/code_generation.rb:96:in `block in recognize'
  rack-mount (0.8.3) lib/rack/mount/code_generation.rb:124:in `optimized_each'
  rack-mount (0.8.3) lib/rack/mount/code_generation.rb:95:in `recognize'
  rack-mount (0.8.3) lib/rack/mount/route_set.rb:141:in `call'
  actionpack (3.1.3) lib/action_dispatch/routing/route_set.rb:532:in `call'
  actionpack (3.1.3) lib/action_dispatch/middleware/best_standards_support.rb:17:in `call'
  rack (1.3.9) lib/rack/etag.rb:23:in `call'
  rack (1.3.9) lib/rack/conditionalget.rb:25:in `call'
  actionpack (3.1.3) lib/action_dispatch/middleware/head.rb:14:in `call'
  actionpack (3.1.3) lib/action_dispatch/middleware/params_parser.rb:21:in `call'
  actionpack (3.1.3) lib/action_dispatch/middleware/flash.rb:247:in `call'
  rack (1.3.9) lib/rack/session/abstract/id.rb:195:in `context'
  rack (1.3.9) lib/rack/session/abstract/id.rb:190:in `call'
  actionpack (3.1.3) lib/action_dispatch/middleware/cookies.rb:331:in `call'
  activerecord (3.1.3) lib/active_record/query_cache.rb:64:in `call'
  activerecord (3.1.3) lib/active_record/connection_adapters/abstract/connection_pool.rb:477:in `call'
  actionpack (3.1.3) lib/action_dispatch/middleware/callbacks.rb:29:in `block in call'
  activesupport (3.1.3) lib/active_support/callbacks.rb:392:in `_run_call_callbacks'
  activesupport (3.1.3) lib/active_support/callbacks.rb:81:in `run_callbacks'
  actionpack (3.1.3) lib/action_dispatch/middleware/callbacks.rb:28:in `call'
  rack (1.3.9) lib/rack/sendfile.rb:101:in `call'
  actionpack (3.1.3) lib/action_dispatch/middleware/remote_ip.rb:48:in `call'
  actionpack (3.1.3) lib/action_dispatch/middleware/show_exceptions.rb:47:in `call'
  railties (3.1.3) lib/rails/rack/logger.rb:13:in `call'
  rack (1.3.9) lib/rack/methodoverride.rb:24:in `call'
  rack (1.3.9) lib/rack/runtime.rb:17:in `call'
  activesupport (3.1.3) lib/active_support/cache/strategy/local_cache.rb:72:in `call'
  rack (1.3.9) lib/rack/lock.rb:15:in `call'
  rack-cache (1.2) lib/rack/cache/context.rb:136:in `forward'
  rack-cache (1.2) lib/rack/cache/context.rb:245:in `fetch'
  rack-cache (1.2) lib/rack/cache/context.rb:185:in `lookup'
  rack-cache (1.2) lib/rack/cache/context.rb:66:in `call!'
  rack-cache (1.2) lib/rack/cache/context.rb:51:in `call'
  railties (3.1.3) lib/rails/engine.rb:456:in `call'
  rack (1.3.9) lib/rack/content_length.rb:14:in `call'
  railties (3.1.3) lib/rails/rack/log_tailer.rb:14:in `call'
  rack (1.3.9) lib/rack/handler/webrick.rb:59:in `service'
  /Users/abhilashkasarla/.rvm/rubies/ruby-1.9.3-p362/lib/ruby/1.9.1/webrick/httpserver.rb:138:in `service'
  /Users/abhilashkasarla/.rvm/rubies/ruby-1.9.3-p362/lib/ruby/1.9.1/webrick/httpserver.rb:94:in `run'
  /Users/abhilashkasarla/.rvm/rubies/ruby-1.9.3-p362/lib/ruby/1.9.1/webrick/server.rb:191:in `block in start_thread'

Rendered /Users/abhilashkasarla/.rvm/gems/ruby-1.9.3-p362/gems/actionpack-3.1.3/lib/action_dispatch/middleware/templates/rescues/_trace.erb (1.4ms)
Rendered /Users/abhilashkasarla/.rvm/gems/ruby-1.9.3-p362/gems/actionpack-3.1.3/lib/action_dispatch/middleware/templates/rescues/_request_and_response.erb (0.8ms)
Rendered /Users/abhilashkasarla/.rvm/gems/ruby-1.9.3-p362/gems/actionpack-3.1.3/lib/action_dispatch/middleware/templates/rescues/template_error.erb within rescues/layout (4.1ms)


Started GET "/material_requests" for 127.0.0.1 at 2013-02-02 11:36:27 +0530
  Processing by MaterialRequestsController#index as HTML
Rendered material_requests/index.html.erb within layouts/application (48.0ms)
Completed 500 Internal Server Error in 52ms

ActionView::Template::Error (icons.css isn't precompiled):
    28: 		</title>
    29: 
    30: 		<% unless params[:controller] == 'popv' || params[:controller] == 'piping' %>
    31: 		  <%= stylesheet_link_tag "icons" %>
    32:           <%= stylesheet_link_tag "vendor/calendar-green" %>
    33:           <%= stylesheet_link_tag "telaeris" %>
    34:           <%= stylesheet_link_tag "jquery-ui-themes/overcast/ui.all" %>
  actionpack (3.1.3) lib/sprockets/helpers/rails_helper.rb:146:in `digest_for'
  actionpack (3.1.3) lib/sprockets/helpers/rails_helper.rb:154:in `rewrite_asset_path'
  actionpack (3.1.3) lib/action_view/asset_paths.rb:27:in `compute_public_path'
  actionpack (3.1.3) lib/sprockets/helpers/rails_helper.rb:56:in `asset_path'
  actionpack (3.1.3) lib/sprockets/helpers/rails_helper.rb:49:in `block in stylesheet_link_tag'
  actionpack (3.1.3) lib/sprockets/helpers/rails_helper.rb:43:in `collect'
  actionpack (3.1.3) lib/sprockets/helpers/rails_helper.rb:43:in `stylesheet_link_tag'
  app/views/layouts/application.html.erb:31:in `_app_views_layouts_application_html_erb__2981872137090013048_70284786336800'
  actionpack (3.1.3) lib/action_view/template.rb:171:in `block in render'
  activesupport (3.1.3) lib/active_support/notifications.rb:55:in `instrument'
  actionpack (3.1.3) lib/action_view/template.rb:169:in `render'
  actionpack (3.1.3) lib/action_view/renderer/template_renderer.rb:52:in `render_with_layout'
  actionpack (3.1.3) lib/action_view/renderer/template_renderer.rb:38:in `render_template'
  actionpack (3.1.3) lib/action_view/renderer/template_renderer.rb:12:in `block in render'
  actionpack (3.1.3) lib/action_view/renderer/abstract_renderer.rb:22:in `wrap_formats'
  actionpack (3.1.3) lib/action_view/renderer/template_renderer.rb:9:in `render'
  actionpack (3.1.3) lib/action_view/renderer/renderer.rb:36:in `render_template'
  actionpack (3.1.3) lib/action_view/renderer/renderer.rb:17:in `render'
  actionpack (3.1.3) lib/abstract_controller/rendering.rb:120:in `_render_template'
  actionpack (3.1.3) lib/action_controller/metal/streaming.rb:250:in `_render_template'
  actionpack (3.1.3) lib/abstract_controller/rendering.rb:114:in `render_to_body'
  actionpack (3.1.3) lib/action_controller/metal/renderers.rb:30:in `render_to_body'
  actionpack (3.1.3) lib/action_controller/metal/compatibility.rb:43:in `render_to_body'
  actionpack (3.1.3) lib/abstract_controller/rendering.rb:99:in `render'
  actionpack (3.1.3) lib/action_controller/metal/rendering.rb:16:in `render'
  actionpack (3.1.3) lib/action_controller/metal/instrumentation.rb:40:in `block (2 levels) in render'
  activesupport (3.1.3) lib/active_support/core_ext/benchmark.rb:5:in `block in ms'
  /Users/abhilashkasarla/.rvm/rubies/ruby-1.9.3-p362/lib/ruby/1.9.1/benchmark.rb:295:in `realtime'
  activesupport (3.1.3) lib/active_support/core_ext/benchmark.rb:5:in `ms'
  actionpack (3.1.3) lib/action_controller/metal/instrumentation.rb:40:in `block in render'
  actionpack (3.1.3) lib/action_controller/metal/instrumentation.rb:78:in `cleanup_view_runtime'
  activerecord (3.1.3) lib/active_record/railties/controller_runtime.rb:24:in `cleanup_view_runtime'
  thinking-sphinx (2.0.10) lib/thinking_sphinx/action_controller.rb:12:in `cleanup_view_runtime'
  actionpack (3.1.3) lib/action_controller/metal/instrumentation.rb:39:in `render'
  actionpack (3.1.3) lib/action_controller/metal/implicit_render.rb:10:in `default_render'
  actionpack (3.1.3) lib/action_controller/metal/implicit_render.rb:5:in `send_action'
  actionpack (3.1.3) lib/abstract_controller/base.rb:167:in `process_action'
  actionpack (3.1.3) lib/action_controller/metal/rendering.rb:10:in `process_action'
  actionpack (3.1.3) lib/abstract_controller/callbacks.rb:18:in `block in process_action'
  activesupport (3.1.3) lib/active_support/callbacks.rb:461:in `_run__3683836015588576420__process_action__2306631722157658877__callbacks'
  activesupport (3.1.3) lib/active_support/callbacks.rb:386:in `_run_process_action_callbacks'
  activesupport (3.1.3) lib/active_support/callbacks.rb:81:in `run_callbacks'
  actionpack (3.1.3) lib/abstract_controller/callbacks.rb:17:in `process_action'
  actionpack (3.1.3) lib/action_controller/metal/rescue.rb:17:in `process_action'
  actionpack (3.1.3) lib/action_controller/metal/instrumentation.rb:30:in `block in process_action'
  activesupport (3.1.3) lib/active_support/notifications.rb:53:in `block in instrument'
  activesupport (3.1.3) lib/active_support/notifications/instrumenter.rb:21:in `instrument'
  activesupport (3.1.3) lib/active_support/notifications.rb:53:in `instrument'
  actionpack (3.1.3) lib/action_controller/metal/instrumentation.rb:29:in `process_action'
  actionpack (3.1.3) lib/action_controller/metal/params_wrapper.rb:201:in `process_action'
  activerecord (3.1.3) lib/active_record/railties/controller_runtime.rb:18:in `process_action'
  actionpack (3.1.3) lib/abstract_controller/base.rb:121:in `process'
  actionpack (3.1.3) lib/abstract_controller/rendering.rb:45:in `process'
  actionpack (3.1.3) lib/action_controller/metal.rb:193:in `dispatch'
  actionpack (3.1.3) lib/action_controller/metal/rack_delegation.rb:14:in `dispatch'
  actionpack (3.1.3) lib/action_controller/metal.rb:236:in `block in action'
  actionpack (3.1.3) lib/action_dispatch/routing/route_set.rb:65:in `call'
  actionpack (3.1.3) lib/action_dispatch/routing/route_set.rb:65:in `dispatch'
  actionpack (3.1.3) lib/action_dispatch/routing/route_set.rb:29:in `call'
  rack-mount (0.8.3) lib/rack/mount/route_set.rb:152:in `block in call'
  rack-mount (0.8.3) lib/rack/mount/code_generation.rb:96:in `block in recognize'
  rack-mount (0.8.3) lib/rack/mount/code_generation.rb:124:in `optimized_each'
  rack-mount (0.8.3) lib/rack/mount/code_generation.rb:95:in `recognize'
  rack-mount (0.8.3) lib/rack/mount/route_set.rb:141:in `call'
  actionpack (3.1.3) lib/action_dispatch/routing/route_set.rb:532:in `call'
  actionpack (3.1.3) lib/action_dispatch/middleware/best_standards_support.rb:17:in `call'
  rack (1.3.9) lib/rack/etag.rb:23:in `call'
  rack (1.3.9) lib/rack/conditionalget.rb:25:in `call'
  actionpack (3.1.3) lib/action_dispatch/middleware/head.rb:14:in `call'
  actionpack (3.1.3) lib/action_dispatch/middleware/params_parser.rb:21:in `call'
  actionpack (3.1.3) lib/action_dispatch/middleware/flash.rb:247:in `call'
  rack (1.3.9) lib/rack/session/abstract/id.rb:195:in `context'
  rack (1.3.9) lib/rack/session/abstract/id.rb:190:in `call'
  actionpack (3.1.3) lib/action_dispatch/middleware/cookies.rb:331:in `call'
  activerecord (3.1.3) lib/active_record/query_cache.rb:64:in `call'
  activerecord (3.1.3) lib/active_record/connection_adapters/abstract/connection_pool.rb:477:in `call'
  actionpack (3.1.3) lib/action_dispatch/middleware/callbacks.rb:29:in `block in call'
  activesupport (3.1.3) lib/active_support/callbacks.rb:392:in `_run_call_callbacks'
  activesupport (3.1.3) lib/active_support/callbacks.rb:81:in `run_callbacks'
  actionpack (3.1.3) lib/action_dispatch/middleware/callbacks.rb:28:in `call'
  rack (1.3.9) lib/rack/sendfile.rb:101:in `call'
  actionpack (3.1.3) lib/action_dispatch/middleware/remote_ip.rb:48:in `call'
  actionpack (3.1.3) lib/action_dispatch/middleware/show_exceptions.rb:47:in `call'
  railties (3.1.3) lib/rails/rack/logger.rb:13:in `call'
  rack (1.3.9) lib/rack/methodoverride.rb:24:in `call'
  rack (1.3.9) lib/rack/runtime.rb:17:in `call'
  activesupport (3.1.3) lib/active_support/cache/strategy/local_cache.rb:72:in `call'
  rack (1.3.9) lib/rack/lock.rb:15:in `call'
  rack-cache (1.2) lib/rack/cache/context.rb:136:in `forward'
  rack-cache (1.2) lib/rack/cache/context.rb:245:in `fetch'
  rack-cache (1.2) lib/rack/cache/context.rb:185:in `lookup'
  rack-cache (1.2) lib/rack/cache/context.rb:66:in `call!'
  rack-cache (1.2) lib/rack/cache/context.rb:51:in `call'
  railties (3.1.3) lib/rails/engine.rb:456:in `call'
  rack (1.3.9) lib/rack/content_length.rb:14:in `call'
  railties (3.1.3) lib/rails/rack/log_tailer.rb:14:in `call'
  rack (1.3.9) lib/rack/handler/webrick.rb:59:in `service'
  /Users/abhilashkasarla/.rvm/rubies/ruby-1.9.3-p362/lib/ruby/1.9.1/webrick/httpserver.rb:138:in `service'
  /Users/abhilashkasarla/.rvm/rubies/ruby-1.9.3-p362/lib/ruby/1.9.1/webrick/httpserver.rb:94:in `run'
  /Users/abhilashkasarla/.rvm/rubies/ruby-1.9.3-p362/lib/ruby/1.9.1/webrick/server.rb:191:in `block in start_thread'

Rendered /Users/abhilashkasarla/.rvm/gems/ruby-1.9.3-p362/gems/actionpack-3.1.3/lib/action_dispatch/middleware/templates/rescues/_trace.erb (1.5ms)
Rendered /Users/abhilashkasarla/.rvm/gems/ruby-1.9.3-p362/gems/actionpack-3.1.3/lib/action_dispatch/middleware/templates/rescues/_request_and_response.erb (0.9ms)
Rendered /Users/abhilashkasarla/.rvm/gems/ruby-1.9.3-p362/gems/actionpack-3.1.3/lib/action_dispatch/middleware/templates/rescues/template_error.erb within rescues/layout (4.6ms)


Started GET "/material_requests" for 127.0.0.1 at 2013-02-02 11:36:27 +0530
  Processing by MaterialRequestsController#index as HTML
Rendered material_requests/index.html.erb within layouts/application (24.7ms)
Completed 500 Internal Server Error in 28ms

ActionView::Template::Error (icons.css isn't precompiled):
    28: 		</title>
    29: 
    30: 		<% unless params[:controller] == 'popv' || params[:controller] == 'piping' %>
    31: 		  <%= stylesheet_link_tag "icons" %>
    32:           <%= stylesheet_link_tag "vendor/calendar-green" %>
    33:           <%= stylesheet_link_tag "telaeris" %>
    34:           <%= stylesheet_link_tag "jquery-ui-themes/overcast/ui.all" %>
  actionpack (3.1.3) lib/sprockets/helpers/rails_helper.rb:146:in `digest_for'
  actionpack (3.1.3) lib/sprockets/helpers/rails_helper.rb:154:in `rewrite_asset_path'
  actionpack (3.1.3) lib/action_view/asset_paths.rb:27:in `compute_public_path'
  actionpack (3.1.3) lib/sprockets/helpers/rails_helper.rb:56:in `asset_path'
  actionpack (3.1.3) lib/sprockets/helpers/rails_helper.rb:49:in `block in stylesheet_link_tag'
  actionpack (3.1.3) lib/sprockets/helpers/rails_helper.rb:43:in `collect'
  actionpack (3.1.3) lib/sprockets/helpers/rails_helper.rb:43:in `stylesheet_link_tag'
  app/views/layouts/application.html.erb:31:in `_app_views_layouts_application_html_erb__2981872137090013048_70284786336800'
  actionpack (3.1.3) lib/action_view/template.rb:171:in `block in render'
  activesupport (3.1.3) lib/active_support/notifications.rb:55:in `instrument'
  actionpack (3.1.3) lib/action_view/template.rb:169:in `render'
  actionpack (3.1.3) lib/action_view/renderer/template_renderer.rb:52:in `render_with_layout'
  actionpack (3.1.3) lib/action_view/renderer/template_renderer.rb:38:in `render_template'
  actionpack (3.1.3) lib/action_view/renderer/template_renderer.rb:12:in `block in render'
  actionpack (3.1.3) lib/action_view/renderer/abstract_renderer.rb:22:in `wrap_formats'
  actionpack (3.1.3) lib/action_view/renderer/template_renderer.rb:9:in `render'
  actionpack (3.1.3) lib/action_view/renderer/renderer.rb:36:in `render_template'
  actionpack (3.1.3) lib/action_view/renderer/renderer.rb:17:in `render'
  actionpack (3.1.3) lib/abstract_controller/rendering.rb:120:in `_render_template'
  actionpack (3.1.3) lib/action_controller/metal/streaming.rb:250:in `_render_template'
  actionpack (3.1.3) lib/abstract_controller/rendering.rb:114:in `render_to_body'
  actionpack (3.1.3) lib/action_controller/metal/renderers.rb:30:in `render_to_body'
  actionpack (3.1.3) lib/action_controller/metal/compatibility.rb:43:in `render_to_body'
  actionpack (3.1.3) lib/abstract_controller/rendering.rb:99:in `render'
  actionpack (3.1.3) lib/action_controller/metal/rendering.rb:16:in `render'
  actionpack (3.1.3) lib/action_controller/metal/instrumentation.rb:40:in `block (2 levels) in render'
  activesupport (3.1.3) lib/active_support/core_ext/benchmark.rb:5:in `block in ms'
  /Users/abhilashkasarla/.rvm/rubies/ruby-1.9.3-p362/lib/ruby/1.9.1/benchmark.rb:295:in `realtime'
  activesupport (3.1.3) lib/active_support/core_ext/benchmark.rb:5:in `ms'
  actionpack (3.1.3) lib/action_controller/metal/instrumentation.rb:40:in `block in render'
  actionpack (3.1.3) lib/action_controller/metal/instrumentation.rb:78:in `cleanup_view_runtime'
  activerecord (3.1.3) lib/active_record/railties/controller_runtime.rb:24:in `cleanup_view_runtime'
  thinking-sphinx (2.0.10) lib/thinking_sphinx/action_controller.rb:12:in `cleanup_view_runtime'
  actionpack (3.1.3) lib/action_controller/metal/instrumentation.rb:39:in `render'
  actionpack (3.1.3) lib/action_controller/metal/implicit_render.rb:10:in `default_render'
  actionpack (3.1.3) lib/action_controller/metal/implicit_render.rb:5:in `send_action'
  actionpack (3.1.3) lib/abstract_controller/base.rb:167:in `process_action'
  actionpack (3.1.3) lib/action_controller/metal/rendering.rb:10:in `process_action'
  actionpack (3.1.3) lib/abstract_controller/callbacks.rb:18:in `block in process_action'
  activesupport (3.1.3) lib/active_support/callbacks.rb:461:in `_run__3683836015588576420__process_action__2306631722157658877__callbacks'
  activesupport (3.1.3) lib/active_support/callbacks.rb:386:in `_run_process_action_callbacks'
  activesupport (3.1.3) lib/active_support/callbacks.rb:81:in `run_callbacks'
  actionpack (3.1.3) lib/abstract_controller/callbacks.rb:17:in `process_action'
  actionpack (3.1.3) lib/action_controller/metal/rescue.rb:17:in `process_action'
  actionpack (3.1.3) lib/action_controller/metal/instrumentation.rb:30:in `block in process_action'
  activesupport (3.1.3) lib/active_support/notifications.rb:53:in `block in instrument'
  activesupport (3.1.3) lib/active_support/notifications/instrumenter.rb:21:in `instrument'
  activesupport (3.1.3) lib/active_support/notifications.rb:53:in `instrument'
  actionpack (3.1.3) lib/action_controller/metal/instrumentation.rb:29:in `process_action'
  actionpack (3.1.3) lib/action_controller/metal/params_wrapper.rb:201:in `process_action'
  activerecord (3.1.3) lib/active_record/railties/controller_runtime.rb:18:in `process_action'
  actionpack (3.1.3) lib/abstract_controller/base.rb:121:in `process'
  actionpack (3.1.3) lib/abstract_controller/rendering.rb:45:in `process'
  actionpack (3.1.3) lib/action_controller/metal.rb:193:in `dispatch'
  actionpack (3.1.3) lib/action_controller/metal/rack_delegation.rb:14:in `dispatch'
  actionpack (3.1.3) lib/action_controller/metal.rb:236:in `block in action'
  actionpack (3.1.3) lib/action_dispatch/routing/route_set.rb:65:in `call'
  actionpack (3.1.3) lib/action_dispatch/routing/route_set.rb:65:in `dispatch'
  actionpack (3.1.3) lib/action_dispatch/routing/route_set.rb:29:in `call'
  rack-mount (0.8.3) lib/rack/mount/route_set.rb:152:in `block in call'
  rack-mount (0.8.3) lib/rack/mount/code_generation.rb:96:in `block in recognize'
  rack-mount (0.8.3) lib/rack/mount/code_generation.rb:124:in `optimized_each'
  rack-mount (0.8.3) lib/rack/mount/code_generation.rb:95:in `recognize'
  rack-mount (0.8.3) lib/rack/mount/route_set.rb:141:in `call'
  actionpack (3.1.3) lib/action_dispatch/routing/route_set.rb:532:in `call'
  actionpack (3.1.3) lib/action_dispatch/middleware/best_standards_support.rb:17:in `call'
  rack (1.3.9) lib/rack/etag.rb:23:in `call'
  rack (1.3.9) lib/rack/conditionalget.rb:25:in `call'
  actionpack (3.1.3) lib/action_dispatch/middleware/head.rb:14:in `call'
  actionpack (3.1.3) lib/action_dispatch/middleware/params_parser.rb:21:in `call'
  actionpack (3.1.3) lib/action_dispatch/middleware/flash.rb:247:in `call'
  rack (1.3.9) lib/rack/session/abstract/id.rb:195:in `context'
  rack (1.3.9) lib/rack/session/abstract/id.rb:190:in `call'
  actionpack (3.1.3) lib/action_dispatch/middleware/cookies.rb:331:in `call'
  activerecord (3.1.3) lib/active_record/query_cache.rb:64:in `call'
  activerecord (3.1.3) lib/active_record/connection_adapters/abstract/connection_pool.rb:477:in `call'
  actionpack (3.1.3) lib/action_dispatch/middleware/callbacks.rb:29:in `block in call'
  activesupport (3.1.3) lib/active_support/callbacks.rb:392:in `_run_call_callbacks'
  activesupport (3.1.3) lib/active_support/callbacks.rb:81:in `run_callbacks'
  actionpack (3.1.3) lib/action_dispatch/middleware/callbacks.rb:28:in `call'
  rack (1.3.9) lib/rack/sendfile.rb:101:in `call'
  actionpack (3.1.3) lib/action_dispatch/middleware/remote_ip.rb:48:in `call'
  actionpack (3.1.3) lib/action_dispatch/middleware/show_exceptions.rb:47:in `call'
  railties (3.1.3) lib/rails/rack/logger.rb:13:in `call'
  rack (1.3.9) lib/rack/methodoverride.rb:24:in `call'
  rack (1.3.9) lib/rack/runtime.rb:17:in `call'
  activesupport (3.1.3) lib/active_support/cache/strategy/local_cache.rb:72:in `call'
  rack (1.3.9) lib/rack/lock.rb:15:in `call'
  rack-cache (1.2) lib/rack/cache/context.rb:136:in `forward'
  rack-cache (1.2) lib/rack/cache/context.rb:245:in `fetch'
  rack-cache (1.2) lib/rack/cache/context.rb:185:in `lookup'
  rack-cache (1.2) lib/rack/cache/context.rb:66:in `call!'
  rack-cache (1.2) lib/rack/cache/context.rb:51:in `call'
  railties (3.1.3) lib/rails/engine.rb:456:in `call'
  rack (1.3.9) lib/rack/content_length.rb:14:in `call'
  railties (3.1.3) lib/rails/rack/log_tailer.rb:14:in `call'
  rack (1.3.9) lib/rack/handler/webrick.rb:59:in `service'
  /Users/abhilashkasarla/.rvm/rubies/ruby-1.9.3-p362/lib/ruby/1.9.1/webrick/httpserver.rb:138:in `service'
  /Users/abhilashkasarla/.rvm/rubies/ruby-1.9.3-p362/lib/ruby/1.9.1/webrick/httpserver.rb:94:in `run'
  /Users/abhilashkasarla/.rvm/rubies/ruby-1.9.3-p362/lib/ruby/1.9.1/webrick/server.rb:191:in `block in start_thread'

Rendered /Users/abhilashkasarla/.rvm/gems/ruby-1.9.3-p362/gems/actionpack-3.1.3/lib/action_dispatch/middleware/templates/rescues/_trace.erb (1.1ms)
Rendered /Users/abhilashkasarla/.rvm/gems/ruby-1.9.3-p362/gems/actionpack-3.1.3/lib/action_dispatch/middleware/templates/rescues/_request_and_response.erb (0.8ms)
Rendered /Users/abhilashkasarla/.rvm/gems/ruby-1.9.3-p362/gems/actionpack-3.1.3/lib/action_dispatch/middleware/templates/rescues/template_error.erb within rescues/layout (3.8ms)


Started GET "/material_requests" for 127.0.0.1 at 2013-02-02 11:36:28 +0530
  Processing by MaterialRequestsController#index as HTML
Rendered material_requests/index.html.erb within layouts/application (28.0ms)
Completed 500 Internal Server Error in 33ms

ActionView::Template::Error (icons.css isn't precompiled):
    28: 		</title>
    29: 
    30: 		<% unless params[:controller] == 'popv' || params[:controller] == 'piping' %>
    31: 		  <%= stylesheet_link_tag "icons" %>
    32:           <%= stylesheet_link_tag "vendor/calendar-green" %>
    33:           <%= stylesheet_link_tag "telaeris" %>
    34:           <%= stylesheet_link_tag "jquery-ui-themes/overcast/ui.all" %>
  actionpack (3.1.3) lib/sprockets/helpers/rails_helper.rb:146:in `digest_for'
  actionpack (3.1.3) lib/sprockets/helpers/rails_helper.rb:154:in `rewrite_asset_path'
  actionpack (3.1.3) lib/action_view/asset_paths.rb:27:in `compute_public_path'
  actionpack (3.1.3) lib/sprockets/helpers/rails_helper.rb:56:in `asset_path'
  actionpack (3.1.3) lib/sprockets/helpers/rails_helper.rb:49:in `block in stylesheet_link_tag'
  actionpack (3.1.3) lib/sprockets/helpers/rails_helper.rb:43:in `collect'
  actionpack (3.1.3) lib/sprockets/helpers/rails_helper.rb:43:in `stylesheet_link_tag'
  app/views/layouts/application.html.erb:31:in `_app_views_layouts_application_html_erb__2981872137090013048_70284786336800'
  actionpack (3.1.3) lib/action_view/template.rb:171:in `block in render'
  activesupport (3.1.3) lib/active_support/notifications.rb:55:in `instrument'
  actionpack (3.1.3) lib/action_view/template.rb:169:in `render'
  actionpack (3.1.3) lib/action_view/renderer/template_renderer.rb:52:in `render_with_layout'
  actionpack (3.1.3) lib/action_view/renderer/template_renderer.rb:38:in `render_template'
  actionpack (3.1.3) lib/action_view/renderer/template_renderer.rb:12:in `block in render'
  actionpack (3.1.3) lib/action_view/renderer/abstract_renderer.rb:22:in `wrap_formats'
  actionpack (3.1.3) lib/action_view/renderer/template_renderer.rb:9:in `render'
  actionpack (3.1.3) lib/action_view/renderer/renderer.rb:36:in `render_template'
  actionpack (3.1.3) lib/action_view/renderer/renderer.rb:17:in `render'
  actionpack (3.1.3) lib/abstract_controller/rendering.rb:120:in `_render_template'
  actionpack (3.1.3) lib/action_controller/metal/streaming.rb:250:in `_render_template'
  actionpack (3.1.3) lib/abstract_controller/rendering.rb:114:in `render_to_body'
  actionpack (3.1.3) lib/action_controller/metal/renderers.rb:30:in `render_to_body'
  actionpack (3.1.3) lib/action_controller/metal/compatibility.rb:43:in `render_to_body'
  actionpack (3.1.3) lib/abstract_controller/rendering.rb:99:in `render'
  actionpack (3.1.3) lib/action_controller/metal/rendering.rb:16:in `render'
  actionpack (3.1.3) lib/action_controller/metal/instrumentation.rb:40:in `block (2 levels) in render'
  activesupport (3.1.3) lib/active_support/core_ext/benchmark.rb:5:in `block in ms'
  /Users/abhilashkasarla/.rvm/rubies/ruby-1.9.3-p362/lib/ruby/1.9.1/benchmark.rb:295:in `realtime'
  activesupport (3.1.3) lib/active_support/core_ext/benchmark.rb:5:in `ms'
  actionpack (3.1.3) lib/action_controller/metal/instrumentation.rb:40:in `block in render'
  actionpack (3.1.3) lib/action_controller/metal/instrumentation.rb:78:in `cleanup_view_runtime'
  activerecord (3.1.3) lib/active_record/railties/controller_runtime.rb:24:in `cleanup_view_runtime'
  thinking-sphinx (2.0.10) lib/thinking_sphinx/action_controller.rb:12:in `cleanup_view_runtime'
  actionpack (3.1.3) lib/action_controller/metal/instrumentation.rb:39:in `render'
  actionpack (3.1.3) lib/action_controller/metal/implicit_render.rb:10:in `default_render'
  actionpack (3.1.3) lib/action_controller/metal/implicit_render.rb:5:in `send_action'
  actionpack (3.1.3) lib/abstract_controller/base.rb:167:in `process_action'
  actionpack (3.1.3) lib/action_controller/metal/rendering.rb:10:in `process_action'
  actionpack (3.1.3) lib/abstract_controller/callbacks.rb:18:in `block in process_action'
  activesupport (3.1.3) lib/active_support/callbacks.rb:461:in `_run__3683836015588576420__process_action__2306631722157658877__callbacks'
  activesupport (3.1.3) lib/active_support/callbacks.rb:386:in `_run_process_action_callbacks'
  activesupport (3.1.3) lib/active_support/callbacks.rb:81:in `run_callbacks'
  actionpack (3.1.3) lib/abstract_controller/callbacks.rb:17:in `process_action'
  actionpack (3.1.3) lib/action_controller/metal/rescue.rb:17:in `process_action'
  actionpack (3.1.3) lib/action_controller/metal/instrumentation.rb:30:in `block in process_action'
  activesupport (3.1.3) lib/active_support/notifications.rb:53:in `block in instrument'
  activesupport (3.1.3) lib/active_support/notifications/instrumenter.rb:21:in `instrument'
  activesupport (3.1.3) lib/active_support/notifications.rb:53:in `instrument'
  actionpack (3.1.3) lib/action_controller/metal/instrumentation.rb:29:in `process_action'
  actionpack (3.1.3) lib/action_controller/metal/params_wrapper.rb:201:in `process_action'
  activerecord (3.1.3) lib/active_record/railties/controller_runtime.rb:18:in `process_action'
  actionpack (3.1.3) lib/abstract_controller/base.rb:121:in `process'
  actionpack (3.1.3) lib/abstract_controller/rendering.rb:45:in `process'
  actionpack (3.1.3) lib/action_controller/metal.rb:193:in `dispatch'
  actionpack (3.1.3) lib/action_controller/metal/rack_delegation.rb:14:in `dispatch'
  actionpack (3.1.3) lib/action_controller/metal.rb:236:in `block in action'
  actionpack (3.1.3) lib/action_dispatch/routing/route_set.rb:65:in `call'
  actionpack (3.1.3) lib/action_dispatch/routing/route_set.rb:65:in `dispatch'
  actionpack (3.1.3) lib/action_dispatch/routing/route_set.rb:29:in `call'
  rack-mount (0.8.3) lib/rack/mount/route_set.rb:152:in `block in call'
  rack-mount (0.8.3) lib/rack/mount/code_generation.rb:96:in `block in recognize'
  rack-mount (0.8.3) lib/rack/mount/code_generation.rb:124:in `optimized_each'
  rack-mount (0.8.3) lib/rack/mount/code_generation.rb:95:in `recognize'
  rack-mount (0.8.3) lib/rack/mount/route_set.rb:141:in `call'
  actionpack (3.1.3) lib/action_dispatch/routing/route_set.rb:532:in `call'
  actionpack (3.1.3) lib/action_dispatch/middleware/best_standards_support.rb:17:in `call'
  rack (1.3.9) lib/rack/etag.rb:23:in `call'
  rack (1.3.9) lib/rack/conditionalget.rb:25:in `call'
  actionpack (3.1.3) lib/action_dispatch/middleware/head.rb:14:in `call'
  actionpack (3.1.3) lib/action_dispatch/middleware/params_parser.rb:21:in `call'
  actionpack (3.1.3) lib/action_dispatch/middleware/flash.rb:247:in `call'
  rack (1.3.9) lib/rack/session/abstract/id.rb:195:in `context'
  rack (1.3.9) lib/rack/session/abstract/id.rb:190:in `call'
  actionpack (3.1.3) lib/action_dispatch/middleware/cookies.rb:331:in `call'
  activerecord (3.1.3) lib/active_record/query_cache.rb:64:in `call'
  activerecord (3.1.3) lib/active_record/connection_adapters/abstract/connection_pool.rb:477:in `call'
  actionpack (3.1.3) lib/action_dispatch/middleware/callbacks.rb:29:in `block in call'
  activesupport (3.1.3) lib/active_support/callbacks.rb:392:in `_run_call_callbacks'
  activesupport (3.1.3) lib/active_support/callbacks.rb:81:in `run_callbacks'
  actionpack (3.1.3) lib/action_dispatch/middleware/callbacks.rb:28:in `call'
  rack (1.3.9) lib/rack/sendfile.rb:101:in `call'
  actionpack (3.1.3) lib/action_dispatch/middleware/remote_ip.rb:48:in `call'
  actionpack (3.1.3) lib/action_dispatch/middleware/show_exceptions.rb:47:in `call'
  railties (3.1.3) lib/rails/rack/logger.rb:13:in `call'
  rack (1.3.9) lib/rack/methodoverride.rb:24:in `call'
  rack (1.3.9) lib/rack/runtime.rb:17:in `call'
  activesupport (3.1.3) lib/active_support/cache/strategy/local_cache.rb:72:in `call'
  rack (1.3.9) lib/rack/lock.rb:15:in `call'
  rack-cache (1.2) lib/rack/cache/context.rb:136:in `forward'
  rack-cache (1.2) lib/rack/cache/context.rb:245:in `fetch'
  rack-cache (1.2) lib/rack/cache/context.rb:185:in `lookup'
  rack-cache (1.2) lib/rack/cache/context.rb:66:in `call!'
  rack-cache (1.2) lib/rack/cache/context.rb:51:in `call'
  railties (3.1.3) lib/rails/engine.rb:456:in `call'
  rack (1.3.9) lib/rack/content_length.rb:14:in `call'
  railties (3.1.3) lib/rails/rack/log_tailer.rb:14:in `call'
  rack (1.3.9) lib/rack/handler/webrick.rb:59:in `service'
  /Users/abhilashkasarla/.rvm/rubies/ruby-1.9.3-p362/lib/ruby/1.9.1/webrick/httpserver.rb:138:in `service'
  /Users/abhilashkasarla/.rvm/rubies/ruby-1.9.3-p362/lib/ruby/1.9.1/webrick/httpserver.rb:94:in `run'
  /Users/abhilashkasarla/.rvm/rubies/ruby-1.9.3-p362/lib/ruby/1.9.1/webrick/server.rb:191:in `block in start_thread'

Rendered /Users/abhilashkasarla/.rvm/gems/ruby-1.9.3-p362/gems/actionpack-3.1.3/lib/action_dispatch/middleware/templates/rescues/_trace.erb (1.5ms)
Rendered /Users/abhilashkasarla/.rvm/gems/ruby-1.9.3-p362/gems/actionpack-3.1.3/lib/action_dispatch/middleware/templates/rescues/_request_and_response.erb (0.9ms)
Rendered /Users/abhilashkasarla/.rvm/gems/ruby-1.9.3-p362/gems/actionpack-3.1.3/lib/action_dispatch/middleware/templates/rescues/template_error.erb within rescues/layout (4.6ms)


Started GET "/material_requests" for 127.0.0.1 at 2013-02-02 11:36:28 +0530
  Processing by MaterialRequestsController#index as HTML
Rendered material_requests/index.html.erb within layouts/application (24.4ms)
Completed 500 Internal Server Error in 28ms

ActionView::Template::Error (icons.css isn't precompiled):
    28: 		</title>
    29: 
    30: 		<% unless params[:controller] == 'popv' || params[:controller] == 'piping' %>
    31: 		  <%= stylesheet_link_tag "icons" %>
    32:           <%= stylesheet_link_tag "vendor/calendar-green" %>
    33:           <%= stylesheet_link_tag "telaeris" %>
    34:           <%= stylesheet_link_tag "jquery-ui-themes/overcast/ui.all" %>
  actionpack (3.1.3) lib/sprockets/helpers/rails_helper.rb:146:in `digest_for'
  actionpack (3.1.3) lib/sprockets/helpers/rails_helper.rb:154:in `rewrite_asset_path'
  actionpack (3.1.3) lib/action_view/asset_paths.rb:27:in `compute_public_path'
  actionpack (3.1.3) lib/sprockets/helpers/rails_helper.rb:56:in `asset_path'
  actionpack (3.1.3) lib/sprockets/helpers/rails_helper.rb:49:in `block in stylesheet_link_tag'
  actionpack (3.1.3) lib/sprockets/helpers/rails_helper.rb:43:in `collect'
  actionpack (3.1.3) lib/sprockets/helpers/rails_helper.rb:43:in `stylesheet_link_tag'
  app/views/layouts/application.html.erb:31:in `_app_views_layouts_application_html_erb__2981872137090013048_70284786336800'
  actionpack (3.1.3) lib/action_view/template.rb:171:in `block in render'
  activesupport (3.1.3) lib/active_support/notifications.rb:55:in `instrument'
  actionpack (3.1.3) lib/action_view/template.rb:169:in `render'
  actionpack (3.1.3) lib/action_view/renderer/template_renderer.rb:52:in `render_with_layout'
  actionpack (3.1.3) lib/action_view/renderer/template_renderer.rb:38:in `render_template'
  actionpack (3.1.3) lib/action_view/renderer/template_renderer.rb:12:in `block in render'
  actionpack (3.1.3) lib/action_view/renderer/abstract_renderer.rb:22:in `wrap_formats'
  actionpack (3.1.3) lib/action_view/renderer/template_renderer.rb:9:in `render'
  actionpack (3.1.3) lib/action_view/renderer/renderer.rb:36:in `render_template'
  actionpack (3.1.3) lib/action_view/renderer/renderer.rb:17:in `render'
  actionpack (3.1.3) lib/abstract_controller/rendering.rb:120:in `_render_template'
  actionpack (3.1.3) lib/action_controller/metal/streaming.rb:250:in `_render_template'
  actionpack (3.1.3) lib/abstract_controller/rendering.rb:114:in `render_to_body'
  actionpack (3.1.3) lib/action_controller/metal/renderers.rb:30:in `render_to_body'
  actionpack (3.1.3) lib/action_controller/metal/compatibility.rb:43:in `render_to_body'
  actionpack (3.1.3) lib/abstract_controller/rendering.rb:99:in `render'
  actionpack (3.1.3) lib/action_controller/metal/rendering.rb:16:in `render'
  actionpack (3.1.3) lib/action_controller/metal/instrumentation.rb:40:in `block (2 levels) in render'
  activesupport (3.1.3) lib/active_support/core_ext/benchmark.rb:5:in `block in ms'
  /Users/abhilashkasarla/.rvm/rubies/ruby-1.9.3-p362/lib/ruby/1.9.1/benchmark.rb:295:in `realtime'
  activesupport (3.1.3) lib/active_support/core_ext/benchmark.rb:5:in `ms'
  actionpack (3.1.3) lib/action_controller/metal/instrumentation.rb:40:in `block in render'
  actionpack (3.1.3) lib/action_controller/metal/instrumentation.rb:78:in `cleanup_view_runtime'
  activerecord (3.1.3) lib/active_record/railties/controller_runtime.rb:24:in `cleanup_view_runtime'
  thinking-sphinx (2.0.10) lib/thinking_sphinx/action_controller.rb:12:in `cleanup_view_runtime'
  actionpack (3.1.3) lib/action_controller/metal/instrumentation.rb:39:in `render'
  actionpack (3.1.3) lib/action_controller/metal/implicit_render.rb:10:in `default_render'
  actionpack (3.1.3) lib/action_controller/metal/implicit_render.rb:5:in `send_action'
  actionpack (3.1.3) lib/abstract_controller/base.rb:167:in `process_action'
  actionpack (3.1.3) lib/action_controller/metal/rendering.rb:10:in `process_action'
  actionpack (3.1.3) lib/abstract_controller/callbacks.rb:18:in `block in process_action'
  activesupport (3.1.3) lib/active_support/callbacks.rb:461:in `_run__3683836015588576420__process_action__2306631722157658877__callbacks'
  activesupport (3.1.3) lib/active_support/callbacks.rb:386:in `_run_process_action_callbacks'
  activesupport (3.1.3) lib/active_support/callbacks.rb:81:in `run_callbacks'
  actionpack (3.1.3) lib/abstract_controller/callbacks.rb:17:in `process_action'
  actionpack (3.1.3) lib/action_controller/metal/rescue.rb:17:in `process_action'
  actionpack (3.1.3) lib/action_controller/metal/instrumentation.rb:30:in `block in process_action'
  activesupport (3.1.3) lib/active_support/notifications.rb:53:in `block in instrument'
  activesupport (3.1.3) lib/active_support/notifications/instrumenter.rb:21:in `instrument'
  activesupport (3.1.3) lib/active_support/notifications.rb:53:in `instrument'
  actionpack (3.1.3) lib/action_controller/metal/instrumentation.rb:29:in `process_action'
  actionpack (3.1.3) lib/action_controller/metal/params_wrapper.rb:201:in `process_action'
  activerecord (3.1.3) lib/active_record/railties/controller_runtime.rb:18:in `process_action'
  actionpack (3.1.3) lib/abstract_controller/base.rb:121:in `process'
  actionpack (3.1.3) lib/abstract_controller/rendering.rb:45:in `process'
  actionpack (3.1.3) lib/action_controller/metal.rb:193:in `dispatch'
  actionpack (3.1.3) lib/action_controller/metal/rack_delegation.rb:14:in `dispatch'
  actionpack (3.1.3) lib/action_controller/metal.rb:236:in `block in action'
  actionpack (3.1.3) lib/action_dispatch/routing/route_set.rb:65:in `call'
  actionpack (3.1.3) lib/action_dispatch/routing/route_set.rb:65:in `dispatch'
  actionpack (3.1.3) lib/action_dispatch/routing/route_set.rb:29:in `call'
  rack-mount (0.8.3) lib/rack/mount/route_set.rb:152:in `block in call'
  rack-mount (0.8.3) lib/rack/mount/code_generation.rb:96:in `block in recognize'
  rack-mount (0.8.3) lib/rack/mount/code_generation.rb:124:in `optimized_each'
  rack-mount (0.8.3) lib/rack/mount/code_generation.rb:95:in `recognize'
  rack-mount (0.8.3) lib/rack/mount/route_set.rb:141:in `call'
  actionpack (3.1.3) lib/action_dispatch/routing/route_set.rb:532:in `call'
  actionpack (3.1.3) lib/action_dispatch/middleware/best_standards_support.rb:17:in `call'
  rack (1.3.9) lib/rack/etag.rb:23:in `call'
  rack (1.3.9) lib/rack/conditionalget.rb:25:in `call'
  actionpack (3.1.3) lib/action_dispatch/middleware/head.rb:14:in `call'
  actionpack (3.1.3) lib/action_dispatch/middleware/params_parser.rb:21:in `call'
  actionpack (3.1.3) lib/action_dispatch/middleware/flash.rb:247:in `call'
  rack (1.3.9) lib/rack/session/abstract/id.rb:195:in `context'
  rack (1.3.9) lib/rack/session/abstract/id.rb:190:in `call'
  actionpack (3.1.3) lib/action_dispatch/middleware/cookies.rb:331:in `call'
  activerecord (3.1.3) lib/active_record/query_cache.rb:64:in `call'
  activerecord (3.1.3) lib/active_record/connection_adapters/abstract/connection_pool.rb:477:in `call'
  actionpack (3.1.3) lib/action_dispatch/middleware/callbacks.rb:29:in `block in call'
  activesupport (3.1.3) lib/active_support/callbacks.rb:392:in `_run_call_callbacks'
  activesupport (3.1.3) lib/active_support/callbacks.rb:81:in `run_callbacks'
  actionpack (3.1.3) lib/action_dispatch/middleware/callbacks.rb:28:in `call'
  rack (1.3.9) lib/rack/sendfile.rb:101:in `call'
  actionpack (3.1.3) lib/action_dispatch/middleware/remote_ip.rb:48:in `call'
  actionpack (3.1.3) lib/action_dispatch/middleware/show_exceptions.rb:47:in `call'
  railties (3.1.3) lib/rails/rack/logger.rb:13:in `call'
  rack (1.3.9) lib/rack/methodoverride.rb:24:in `call'
  rack (1.3.9) lib/rack/runtime.rb:17:in `call'
  activesupport (3.1.3) lib/active_support/cache/strategy/local_cache.rb:72:in `call'
  rack (1.3.9) lib/rack/lock.rb:15:in `call'
  rack-cache (1.2) lib/rack/cache/context.rb:136:in `forward'
  rack-cache (1.2) lib/rack/cache/context.rb:245:in `fetch'
  rack-cache (1.2) lib/rack/cache/context.rb:185:in `lookup'
  rack-cache (1.2) lib/rack/cache/context.rb:66:in `call!'
  rack-cache (1.2) lib/rack/cache/context.rb:51:in `call'
  railties (3.1.3) lib/rails/engine.rb:456:in `call'
  rack (1.3.9) lib/rack/content_length.rb:14:in `call'
  railties (3.1.3) lib/rails/rack/log_tailer.rb:14:in `call'
  rack (1.3.9) lib/rack/handler/webrick.rb:59:in `service'
  /Users/abhilashkasarla/.rvm/rubies/ruby-1.9.3-p362/lib/ruby/1.9.1/webrick/httpserver.rb:138:in `service'
  /Users/abhilashkasarla/.rvm/rubies/ruby-1.9.3-p362/lib/ruby/1.9.1/webrick/httpserver.rb:94:in `run'
  /Users/abhilashkasarla/.rvm/rubies/ruby-1.9.3-p362/lib/ruby/1.9.1/webrick/server.rb:191:in `block in start_thread'

Rendered /Users/abhilashkasarla/.rvm/gems/ruby-1.9.3-p362/gems/actionpack-3.1.3/lib/action_dispatch/middleware/templates/rescues/_trace.erb (1.1ms)
Rendered /Users/abhilashkasarla/.rvm/gems/ruby-1.9.3-p362/gems/actionpack-3.1.3/lib/action_dispatch/middleware/templates/rescues/_request_and_response.erb (0.8ms)
Rendered /Users/abhilashkasarla/.rvm/gems/ruby-1.9.3-p362/gems/actionpack-3.1.3/lib/action_dispatch/middleware/templates/rescues/template_error.erb within rescues/layout (3.8ms)


Started GET "/material_requests" for 127.0.0.1 at 2013-02-02 11:36:28 +0530
  Processing by MaterialRequestsController#index as HTML
Rendered material_requests/index.html.erb within layouts/application (21.7ms)
Completed 500 Internal Server Error in 25ms

ActionView::Template::Error (icons.css isn't precompiled):
    28: 		</title>
    29: 
    30: 		<% unless params[:controller] == 'popv' || params[:controller] == 'piping' %>
    31: 		  <%= stylesheet_link_tag "icons" %>
    32:           <%= stylesheet_link_tag "vendor/calendar-green" %>
    33:           <%= stylesheet_link_tag "telaeris" %>
    34:           <%= stylesheet_link_tag "jquery-ui-themes/overcast/ui.all" %>
  actionpack (3.1.3) lib/sprockets/helpers/rails_helper.rb:146:in `digest_for'
  actionpack (3.1.3) lib/sprockets/helpers/rails_helper.rb:154:in `rewrite_asset_path'
  actionpack (3.1.3) lib/action_view/asset_paths.rb:27:in `compute_public_path'
  actionpack (3.1.3) lib/sprockets/helpers/rails_helper.rb:56:in `asset_path'
  actionpack (3.1.3) lib/sprockets/helpers/rails_helper.rb:49:in `block in stylesheet_link_tag'
  actionpack (3.1.3) lib/sprockets/helpers/rails_helper.rb:43:in `collect'
  actionpack (3.1.3) lib/sprockets/helpers/rails_helper.rb:43:in `stylesheet_link_tag'
  app/views/layouts/application.html.erb:31:in `_app_views_layouts_application_html_erb__2981872137090013048_70284786336800'
  actionpack (3.1.3) lib/action_view/template.rb:171:in `block in render'
  activesupport (3.1.3) lib/active_support/notifications.rb:55:in `instrument'
  actionpack (3.1.3) lib/action_view/template.rb:169:in `render'
  actionpack (3.1.3) lib/action_view/renderer/template_renderer.rb:52:in `render_with_layout'
  actionpack (3.1.3) lib/action_view/renderer/template_renderer.rb:38:in `render_template'
  actionpack (3.1.3) lib/action_view/renderer/template_renderer.rb:12:in `block in render'
  actionpack (3.1.3) lib/action_view/renderer/abstract_renderer.rb:22:in `wrap_formats'
  actionpack (3.1.3) lib/action_view/renderer/template_renderer.rb:9:in `render'
  actionpack (3.1.3) lib/action_view/renderer/renderer.rb:36:in `render_template'
  actionpack (3.1.3) lib/action_view/renderer/renderer.rb:17:in `render'
  actionpack (3.1.3) lib/abstract_controller/rendering.rb:120:in `_render_template'
  actionpack (3.1.3) lib/action_controller/metal/streaming.rb:250:in `_render_template'
  actionpack (3.1.3) lib/abstract_controller/rendering.rb:114:in `render_to_body'
  actionpack (3.1.3) lib/action_controller/metal/renderers.rb:30:in `render_to_body'
  actionpack (3.1.3) lib/action_controller/metal/compatibility.rb:43:in `render_to_body'
  actionpack (3.1.3) lib/abstract_controller/rendering.rb:99:in `render'
  actionpack (3.1.3) lib/action_controller/metal/rendering.rb:16:in `render'
  actionpack (3.1.3) lib/action_controller/metal/instrumentation.rb:40:in `block (2 levels) in render'
  activesupport (3.1.3) lib/active_support/core_ext/benchmark.rb:5:in `block in ms'
  /Users/abhilashkasarla/.rvm/rubies/ruby-1.9.3-p362/lib/ruby/1.9.1/benchmark.rb:295:in `realtime'
  activesupport (3.1.3) lib/active_support/core_ext/benchmark.rb:5:in `ms'
  actionpack (3.1.3) lib/action_controller/metal/instrumentation.rb:40:in `block in render'
  actionpack (3.1.3) lib/action_controller/metal/instrumentation.rb:78:in `cleanup_view_runtime'
  activerecord (3.1.3) lib/active_record/railties/controller_runtime.rb:24:in `cleanup_view_runtime'
  thinking-sphinx (2.0.10) lib/thinking_sphinx/action_controller.rb:12:in `cleanup_view_runtime'
  actionpack (3.1.3) lib/action_controller/metal/instrumentation.rb:39:in `render'
  actionpack (3.1.3) lib/action_controller/metal/implicit_render.rb:10:in `default_render'
  actionpack (3.1.3) lib/action_controller/metal/implicit_render.rb:5:in `send_action'
  actionpack (3.1.3) lib/abstract_controller/base.rb:167:in `process_action'
  actionpack (3.1.3) lib/action_controller/metal/rendering.rb:10:in `process_action'
  actionpack (3.1.3) lib/abstract_controller/callbacks.rb:18:in `block in process_action'
  activesupport (3.1.3) lib/active_support/callbacks.rb:461:in `_run__3683836015588576420__process_action__2306631722157658877__callbacks'
  activesupport (3.1.3) lib/active_support/callbacks.rb:386:in `_run_process_action_callbacks'
  activesupport (3.1.3) lib/active_support/callbacks.rb:81:in `run_callbacks'
  actionpack (3.1.3) lib/abstract_controller/callbacks.rb:17:in `process_action'
  actionpack (3.1.3) lib/action_controller/metal/rescue.rb:17:in `process_action'
  actionpack (3.1.3) lib/action_controller/metal/instrumentation.rb:30:in `block in process_action'
  activesupport (3.1.3) lib/active_support/notifications.rb:53:in `block in instrument'
  activesupport (3.1.3) lib/active_support/notifications/instrumenter.rb:21:in `instrument'
  activesupport (3.1.3) lib/active_support/notifications.rb:53:in `instrument'
  actionpack (3.1.3) lib/action_controller/metal/instrumentation.rb:29:in `process_action'
  actionpack (3.1.3) lib/action_controller/metal/params_wrapper.rb:201:in `process_action'
  activerecord (3.1.3) lib/active_record/railties/controller_runtime.rb:18:in `process_action'
  actionpack (3.1.3) lib/abstract_controller/base.rb:121:in `process'
  actionpack (3.1.3) lib/abstract_controller/rendering.rb:45:in `process'
  actionpack (3.1.3) lib/action_controller/metal.rb:193:in `dispatch'
  actionpack (3.1.3) lib/action_controller/metal/rack_delegation.rb:14:in `dispatch'
  actionpack (3.1.3) lib/action_controller/metal.rb:236:in `block in action'
  actionpack (3.1.3) lib/action_dispatch/routing/route_set.rb:65:in `call'
  actionpack (3.1.3) lib/action_dispatch/routing/route_set.rb:65:in `dispatch'
  actionpack (3.1.3) lib/action_dispatch/routing/route_set.rb:29:in `call'
  rack-mount (0.8.3) lib/rack/mount/route_set.rb:152:in `block in call'
  rack-mount (0.8.3) lib/rack/mount/code_generation.rb:96:in `block in recognize'
  rack-mount (0.8.3) lib/rack/mount/code_generation.rb:124:in `optimized_each'
  rack-mount (0.8.3) lib/rack/mount/code_generation.rb:95:in `recognize'
  rack-mount (0.8.3) lib/rack/mount/route_set.rb:141:in `call'
  actionpack (3.1.3) lib/action_dispatch/routing/route_set.rb:532:in `call'
  actionpack (3.1.3) lib/action_dispatch/middleware/best_standards_support.rb:17:in `call'
  rack (1.3.9) lib/rack/etag.rb:23:in `call'
  rack (1.3.9) lib/rack/conditionalget.rb:25:in `call'
  actionpack (3.1.3) lib/action_dispatch/middleware/head.rb:14:in `call'
  actionpack (3.1.3) lib/action_dispatch/middleware/params_parser.rb:21:in `call'
  actionpack (3.1.3) lib/action_dispatch/middleware/flash.rb:247:in `call'
  rack (1.3.9) lib/rack/session/abstract/id.rb:195:in `context'
  rack (1.3.9) lib/rack/session/abstract/id.rb:190:in `call'
  actionpack (3.1.3) lib/action_dispatch/middleware/cookies.rb:331:in `call'
  activerecord (3.1.3) lib/active_record/query_cache.rb:64:in `call'
  activerecord (3.1.3) lib/active_record/connection_adapters/abstract/connection_pool.rb:477:in `call'
  actionpack (3.1.3) lib/action_dispatch/middleware/callbacks.rb:29:in `block in call'
  activesupport (3.1.3) lib/active_support/callbacks.rb:392:in `_run_call_callbacks'
  activesupport (3.1.3) lib/active_support/callbacks.rb:81:in `run_callbacks'
  actionpack (3.1.3) lib/action_dispatch/middleware/callbacks.rb:28:in `call'
  rack (1.3.9) lib/rack/sendfile.rb:101:in `call'
  actionpack (3.1.3) lib/action_dispatch/middleware/remote_ip.rb:48:in `call'
  actionpack (3.1.3) lib/action_dispatch/middleware/show_exceptions.rb:47:in `call'
  railties (3.1.3) lib/rails/rack/logger.rb:13:in `call'
  rack (1.3.9) lib/rack/methodoverride.rb:24:in `call'
  rack (1.3.9) lib/rack/runtime.rb:17:in `call'
  activesupport (3.1.3) lib/active_support/cache/strategy/local_cache.rb:72:in `call'
  rack (1.3.9) lib/rack/lock.rb:15:in `call'
  rack-cache (1.2) lib/rack/cache/context.rb:136:in `forward'
  rack-cache (1.2) lib/rack/cache/context.rb:245:in `fetch'
  rack-cache (1.2) lib/rack/cache/context.rb:185:in `lookup'
  rack-cache (1.2) lib/rack/cache/context.rb:66:in `call!'
  rack-cache (1.2) lib/rack/cache/context.rb:51:in `call'
  railties (3.1.3) lib/rails/engine.rb:456:in `call'
  rack (1.3.9) lib/rack/content_length.rb:14:in `call'
  railties (3.1.3) lib/rails/rack/log_tailer.rb:14:in `call'
  rack (1.3.9) lib/rack/handler/webrick.rb:59:in `service'
  /Users/abhilashkasarla/.rvm/rubies/ruby-1.9.3-p362/lib/ruby/1.9.1/webrick/httpserver.rb:138:in `service'
  /Users/abhilashkasarla/.rvm/rubies/ruby-1.9.3-p362/lib/ruby/1.9.1/webrick/httpserver.rb:94:in `run'
  /Users/abhilashkasarla/.rvm/rubies/ruby-1.9.3-p362/lib/ruby/1.9.1/webrick/server.rb:191:in `block in start_thread'

Rendered /Users/abhilashkasarla/.rvm/gems/ruby-1.9.3-p362/gems/actionpack-3.1.3/lib/action_dispatch/middleware/templates/rescues/_trace.erb (1.2ms)
Rendered /Users/abhilashkasarla/.rvm/gems/ruby-1.9.3-p362/gems/actionpack-3.1.3/lib/action_dispatch/middleware/templates/rescues/_request_and_response.erb (1.1ms)
Rendered /Users/abhilashkasarla/.rvm/gems/ruby-1.9.3-p362/gems/actionpack-3.1.3/lib/action_dispatch/middleware/templates/rescues/template_error.erb within rescues/layout (4.3ms)
Compiled application.js  (10ms)  (pid 1807)
Compiled application.css  (38ms)  (pid 1807)
Compiled application.js  (12ms)  (pid 1800)
Compiled application.css  (68ms)  (pid 1800)


Started GET "/" for 127.0.0.1 at 2013-02-02 14:45:26 +0530
  Processing by HomeController#index as HTML
Rendered home/index.html.erb within layouts/application (17.8ms)
Completed 500 Internal Server Error in 340ms

ActionView::Template::Error (application-base.css isn't precompiled):
    28: 		</title>
    29: 
    30: 		<% unless params[:controller] == 'popv' || params[:controller] == 'piping' %>
    31: 		  <%= stylesheet_link_tag 'application-base' %>
    32: 
    33: 		    <!-- We have to use seperate stylesheet for 'print' and 'yui'
    34: 		    	 because it can't be included for media='screen' -->
  actionpack (3.1.3) lib/sprockets/helpers/rails_helper.rb:146:in `digest_for'
  actionpack (3.1.3) lib/sprockets/helpers/rails_helper.rb:154:in `rewrite_asset_path'
  actionpack (3.1.3) lib/action_view/asset_paths.rb:27:in `compute_public_path'
  actionpack (3.1.3) lib/sprockets/helpers/rails_helper.rb:56:in `asset_path'
  actionpack (3.1.3) lib/sprockets/helpers/rails_helper.rb:49:in `block in stylesheet_link_tag'
  actionpack (3.1.3) lib/sprockets/helpers/rails_helper.rb:43:in `collect'
  actionpack (3.1.3) lib/sprockets/helpers/rails_helper.rb:43:in `stylesheet_link_tag'
  app/views/layouts/application.html.erb:31:in `_app_views_layouts_application_html_erb__2298115303246014290_70329742577140'
  actionpack (3.1.3) lib/action_view/template.rb:171:in `block in render'
  activesupport (3.1.3) lib/active_support/notifications.rb:55:in `instrument'
  actionpack (3.1.3) lib/action_view/template.rb:169:in `render'
  actionpack (3.1.3) lib/action_view/renderer/template_renderer.rb:52:in `render_with_layout'
  actionpack (3.1.3) lib/action_view/renderer/template_renderer.rb:38:in `render_template'
  actionpack (3.1.3) lib/action_view/renderer/template_renderer.rb:12:in `block in render'
  actionpack (3.1.3) lib/action_view/renderer/abstract_renderer.rb:22:in `wrap_formats'
  actionpack (3.1.3) lib/action_view/renderer/template_renderer.rb:9:in `render'
  actionpack (3.1.3) lib/action_view/renderer/renderer.rb:36:in `render_template'
  actionpack (3.1.3) lib/action_view/renderer/renderer.rb:17:in `render'
  actionpack (3.1.3) lib/abstract_controller/rendering.rb:120:in `_render_template'
  actionpack (3.1.3) lib/action_controller/metal/streaming.rb:250:in `_render_template'
  actionpack (3.1.3) lib/abstract_controller/rendering.rb:114:in `render_to_body'
  actionpack (3.1.3) lib/action_controller/metal/renderers.rb:30:in `render_to_body'
  actionpack (3.1.3) lib/action_controller/metal/compatibility.rb:43:in `render_to_body'
  actionpack (3.1.3) lib/abstract_controller/rendering.rb:99:in `render'
  actionpack (3.1.3) lib/action_controller/metal/rendering.rb:16:in `render'
  actionpack (3.1.3) lib/action_controller/metal/instrumentation.rb:40:in `block (2 levels) in render'
  activesupport (3.1.3) lib/active_support/core_ext/benchmark.rb:5:in `block in ms'
  /Users/abhilashkasarla/.rvm/rubies/ruby-1.9.3-p362/lib/ruby/1.9.1/benchmark.rb:295:in `realtime'
  activesupport (3.1.3) lib/active_support/core_ext/benchmark.rb:5:in `ms'
  actionpack (3.1.3) lib/action_controller/metal/instrumentation.rb:40:in `block in render'
  actionpack (3.1.3) lib/action_controller/metal/instrumentation.rb:78:in `cleanup_view_runtime'
  activerecord (3.1.3) lib/active_record/railties/controller_runtime.rb:24:in `cleanup_view_runtime'
  thinking-sphinx (2.0.10) lib/thinking_sphinx/action_controller.rb:12:in `cleanup_view_runtime'
  actionpack (3.1.3) lib/action_controller/metal/instrumentation.rb:39:in `render'
  actionpack (3.1.3) lib/action_controller/metal/implicit_render.rb:10:in `default_render'
  actionpack (3.1.3) lib/action_controller/metal/implicit_render.rb:5:in `send_action'
  actionpack (3.1.3) lib/abstract_controller/base.rb:167:in `process_action'
  actionpack (3.1.3) lib/action_controller/metal/rendering.rb:10:in `process_action'
  actionpack (3.1.3) lib/abstract_controller/callbacks.rb:18:in `block in process_action'
  activesupport (3.1.3) lib/active_support/callbacks.rb:443:in `_run__3769828582527729592__process_action__3503857115459509874__callbacks'
  activesupport (3.1.3) lib/active_support/callbacks.rb:386:in `_run_process_action_callbacks'
  activesupport (3.1.3) lib/active_support/callbacks.rb:81:in `run_callbacks'
  actionpack (3.1.3) lib/abstract_controller/callbacks.rb:17:in `process_action'
  actionpack (3.1.3) lib/action_controller/metal/rescue.rb:17:in `process_action'
  actionpack (3.1.3) lib/action_controller/metal/instrumentation.rb:30:in `block in process_action'
  activesupport (3.1.3) lib/active_support/notifications.rb:53:in `block in instrument'
  activesupport (3.1.3) lib/active_support/notifications/instrumenter.rb:21:in `instrument'
  activesupport (3.1.3) lib/active_support/notifications.rb:53:in `instrument'
  actionpack (3.1.3) lib/action_controller/metal/instrumentation.rb:29:in `process_action'
  actionpack (3.1.3) lib/action_controller/metal/params_wrapper.rb:201:in `process_action'
  activerecord (3.1.3) lib/active_record/railties/controller_runtime.rb:18:in `process_action'
  actionpack (3.1.3) lib/abstract_controller/base.rb:121:in `process'
  actionpack (3.1.3) lib/abstract_controller/rendering.rb:45:in `process'
  actionpack (3.1.3) lib/action_controller/metal.rb:193:in `dispatch'
  actionpack (3.1.3) lib/action_controller/metal/rack_delegation.rb:14:in `dispatch'
  actionpack (3.1.3) lib/action_controller/metal.rb:236:in `block in action'
  actionpack (3.1.3) lib/action_dispatch/routing/route_set.rb:65:in `call'
  actionpack (3.1.3) lib/action_dispatch/routing/route_set.rb:65:in `dispatch'
  actionpack (3.1.3) lib/action_dispatch/routing/route_set.rb:29:in `call'
  rack-mount (0.8.3) lib/rack/mount/route_set.rb:152:in `block in call'
  rack-mount (0.8.3) lib/rack/mount/code_generation.rb:96:in `block in recognize'
  rack-mount (0.8.3) lib/rack/mount/code_generation.rb:68:in `optimized_each'
  rack-mount (0.8.3) lib/rack/mount/code_generation.rb:95:in `recognize'
  rack-mount (0.8.3) lib/rack/mount/route_set.rb:141:in `call'
  actionpack (3.1.3) lib/action_dispatch/routing/route_set.rb:532:in `call'
  actionpack (3.1.3) lib/action_dispatch/middleware/best_standards_support.rb:17:in `call'
  rack (1.3.9) lib/rack/etag.rb:23:in `call'
  rack (1.3.9) lib/rack/conditionalget.rb:25:in `call'
  actionpack (3.1.3) lib/action_dispatch/middleware/head.rb:14:in `call'
  actionpack (3.1.3) lib/action_dispatch/middleware/params_parser.rb:21:in `call'
  actionpack (3.1.3) lib/action_dispatch/middleware/flash.rb:247:in `call'
  rack (1.3.9) lib/rack/session/abstract/id.rb:195:in `context'
  rack (1.3.9) lib/rack/session/abstract/id.rb:190:in `call'
  actionpack (3.1.3) lib/action_dispatch/middleware/cookies.rb:331:in `call'
  activerecord (3.1.3) lib/active_record/query_cache.rb:64:in `call'
  activerecord (3.1.3) lib/active_record/connection_adapters/abstract/connection_pool.rb:477:in `call'
  actionpack (3.1.3) lib/action_dispatch/middleware/callbacks.rb:29:in `block in call'
  activesupport (3.1.3) lib/active_support/callbacks.rb:392:in `_run_call_callbacks'
  activesupport (3.1.3) lib/active_support/callbacks.rb:81:in `run_callbacks'
  actionpack (3.1.3) lib/action_dispatch/middleware/callbacks.rb:28:in `call'
  rack (1.3.9) lib/rack/sendfile.rb:101:in `call'
  actionpack (3.1.3) lib/action_dispatch/middleware/remote_ip.rb:48:in `call'
  actionpack (3.1.3) lib/action_dispatch/middleware/show_exceptions.rb:47:in `call'
  railties (3.1.3) lib/rails/rack/logger.rb:13:in `call'
  rack (1.3.9) lib/rack/methodoverride.rb:24:in `call'
  rack (1.3.9) lib/rack/runtime.rb:17:in `call'
  activesupport (3.1.3) lib/active_support/cache/strategy/local_cache.rb:72:in `call'
  rack (1.3.9) lib/rack/lock.rb:15:in `call'
  rack-cache (1.2) lib/rack/cache/context.rb:136:in `forward'
  rack-cache (1.2) lib/rack/cache/context.rb:245:in `fetch'
  rack-cache (1.2) lib/rack/cache/context.rb:185:in `lookup'
  rack-cache (1.2) lib/rack/cache/context.rb:66:in `call!'
  rack-cache (1.2) lib/rack/cache/context.rb:51:in `call'
  railties (3.1.3) lib/rails/engine.rb:456:in `call'
  rack (1.3.9) lib/rack/content_length.rb:14:in `call'
  railties (3.1.3) lib/rails/rack/log_tailer.rb:14:in `call'
  rack (1.3.9) lib/rack/handler/webrick.rb:59:in `service'
  /Users/abhilashkasarla/.rvm/rubies/ruby-1.9.3-p362/lib/ruby/1.9.1/webrick/httpserver.rb:138:in `service'
  /Users/abhilashkasarla/.rvm/rubies/ruby-1.9.3-p362/lib/ruby/1.9.1/webrick/httpserver.rb:94:in `run'
  /Users/abhilashkasarla/.rvm/rubies/ruby-1.9.3-p362/lib/ruby/1.9.1/webrick/server.rb:191:in `block in start_thread'

Rendered /Users/abhilashkasarla/.rvm/gems/ruby-1.9.3-p362/gems/actionpack-3.1.3/lib/action_dispatch/middleware/templates/rescues/_trace.erb (1.6ms)
Rendered /Users/abhilashkasarla/.rvm/gems/ruby-1.9.3-p362/gems/actionpack-3.1.3/lib/action_dispatch/middleware/templates/rescues/_request_and_response.erb (1.1ms)
Rendered /Users/abhilashkasarla/.rvm/gems/ruby-1.9.3-p362/gems/actionpack-3.1.3/lib/action_dispatch/middleware/templates/rescues/template_error.erb within rescues/layout (30.0ms)
